2013-04-14 13:05:51,617 [Worker-4] INFO  o.e.m.c.i.i.nexus.NexusIndexManager - Updating index for repository: central|http://repo.maven.apache.org/maven2
2013-04-14 13:05:51,736 [Worker-4] INFO  c.n.h.c.p.n.NettyAsyncHttpProvider - Number of application's worked threads is 8
2013-04-14 13:06:02,217 [ModalContext] WARN  o.e.m.i.discovery.MavenDiscovery - CatalogItem org.eclipse.m2e.discovery.lifecyclemapping.m2e-wtp does not contain lifecycle mapping metadata
2013-04-14 13:06:02,224 [ModalContext] WARN  o.e.m.i.discovery.MavenDiscovery - CatalogItem org.eclipse.m2e.discovery.lifecyclemapping.m2e-egit does not contain lifecycle mapping metadata
2013-04-14 13:06:02,226 [ModalContext] WARN  o.e.m.i.discovery.MavenDiscovery - CatalogItem org.eclipse.m2e.discovery.lifecyclemapping.m2e-subversive does not contain lifecycle mapping metadata
2013-04-14 13:06:02,227 [ModalContext] WARN  o.e.m.i.discovery.MavenDiscovery - CatalogItem org.eclipse.m2e.discovery.lifecyclemapping.m2e-subclipse does not contain lifecycle mapping metadata
2013-04-14 13:06:09,237 [Worker-3] INFO  o.e.m.c.i.l.LifecycleMappingFactory - Using org.eclipse.m2e.jdt.JarLifecycleMapping lifecycle mapping for MavenProject: cucumber:poker:0.0.1-SNAPSHOT @ /Users/MatsukuboYuto/git/JunitCucumberPractice/poker/pom.xml.
2013-04-14 13:06:09,327 [Worker-3] INFO  c.n.h.c.p.n.NettyAsyncHttpProvider - Number of application's worked threads is 8
2013-04-14 13:06:09,695 [New I/O client worker #2-1] INFO  o.e.m.c.i.e.AbstractTransferListenerAdapter - Downloading http://repo.maven.apache.org/maven2/info/cukes/cucumber-java/1.0.8/cucumber-java-1.0.8.pom
2013-04-14 13:06:09,701 [New I/O client worker #2-1] INFO  o.e.m.c.i.e.AbstractTransferListenerAdapter - Downloaded http://repo.maven.apache.org/maven2/info/cukes/cucumber-java/1.0.8/cucumber-java-1.0.8.pom
2013-04-14 13:06:10,327 [Worker-3] INFO  c.n.h.c.p.n.NettyAsyncHttpProvider - Number of application's worked threads is 8
2013-04-14 13:06:10,915 [New I/O client worker #3-1] INFO  o.e.m.c.i.e.AbstractTransferListenerAdapter - Downloading http://repo.maven.apache.org/maven2/info/cukes/cucumber-jvm/1.0.8/cucumber-jvm-1.0.8.pom
2013-04-14 13:06:10,922 [New I/O client worker #3-1] INFO  o.e.m.c.i.e.AbstractTransferListenerAdapter - Downloaded http://repo.maven.apache.org/maven2/info/cukes/cucumber-jvm/1.0.8/cucumber-jvm-1.0.8.pom
2013-04-14 13:06:11,905 [Worker-3] INFO  c.n.h.c.p.n.NettyAsyncHttpProvider - Number of application's worked threads is 8
2013-04-14 13:06:11,929 [New I/O client worker #4-1] INFO  o.e.m.c.i.e.AbstractTransferListenerAdapter - Downloading http://repo.maven.apache.org/maven2/org/sonatype/oss/oss-parent/6/oss-parent-6.pom
2013-04-14 13:06:11,940 [New I/O client worker #4-1] INFO  o.e.m.c.i.e.AbstractTransferListenerAdapter - Downloaded http://repo.maven.apache.org/maven2/org/sonatype/oss/oss-parent/6/oss-parent-6.pom
2013-04-14 13:06:11,997 [Worker-3] INFO  c.n.h.c.p.n.NettyAsyncHttpProvider - Number of application's worked threads is 8
2013-04-14 13:06:12,761 [New I/O client worker #5-1] INFO  o.e.m.c.i.e.AbstractTransferListenerAdapter - Downloading http://repo.maven.apache.org/maven2/info/cukes/cucumber-core/1.0.8/cucumber-core-1.0.8.pom
2013-04-14 13:06:12,764 [New I/O client worker #5-1] INFO  o.e.m.c.i.e.AbstractTransferListenerAdapter - Downloaded http://repo.maven.apache.org/maven2/info/cukes/cucumber-core/1.0.8/cucumber-core-1.0.8.pom
2013-04-14 13:06:13,415 [Worker-3] INFO  c.n.h.c.p.n.NettyAsyncHttpProvider - Number of application's worked threads is 8
2013-04-14 13:06:13,986 [New I/O client worker #6-1] INFO  o.e.m.c.i.e.AbstractTransferListenerAdapter - Downloading http://repo.maven.apache.org/maven2/info/cukes/gherkin/2.10.0/gherkin-2.10.0.pom
2013-04-14 13:06:13,987 [New I/O client worker #6-1] INFO  o.e.m.c.i.e.AbstractTransferListenerAdapter - Downloaded http://repo.maven.apache.org/maven2/info/cukes/gherkin/2.10.0/gherkin-2.10.0.pom
2013-04-14 13:06:14,655 [Worker-3] INFO  c.n.h.c.p.n.NettyAsyncHttpProvider - Number of application's worked threads is 8
2013-04-14 13:06:15,237 [New I/O client worker #7-1] INFO  o.e.m.c.i.e.AbstractTransferListenerAdapter - Downloading http://repo.maven.apache.org/maven2/info/cukes/cucumber-html/0.2.1/cucumber-html-0.2.1.pom
2013-04-14 13:06:15,240 [New I/O client worker #7-1] INFO  o.e.m.c.i.e.AbstractTransferListenerAdapter - Downloaded http://repo.maven.apache.org/maven2/info/cukes/cucumber-html/0.2.1/cucumber-html-0.2.1.pom
2013-04-14 13:06:15,852 [Worker-3] INFO  c.n.h.c.p.n.NettyAsyncHttpProvider - Number of application's worked threads is 8
2013-04-14 13:06:16,445 [New I/O client worker #8-1] INFO  o.e.m.c.i.e.AbstractTransferListenerAdapter - Downloading http://repo.maven.apache.org/maven2/info/cukes/cucumber-junit/1.0.8/cucumber-junit-1.0.8.pom
2013-04-14 13:06:16,445 [New I/O client worker #8-1] INFO  o.e.m.c.i.e.AbstractTransferListenerAdapter - Downloaded http://repo.maven.apache.org/maven2/info/cukes/cucumber-junit/1.0.8/cucumber-junit-1.0.8.pom
2013-04-14 13:06:16,770 [Worker-3] INFO  c.n.h.c.p.n.NettyAsyncHttpProvider - Number of application's worked threads is 8
2013-04-14 13:06:16,802 [New I/O client worker #9-1] INFO  o.e.m.c.i.e.AbstractTransferListenerAdapter - Downloading http://repo.maven.apache.org/maven2/junit/junit/4.10/junit-4.10.pom
2013-04-14 13:06:16,803 [New I/O client worker #9-1] INFO  o.e.m.c.i.e.AbstractTransferListenerAdapter - Downloaded http://repo.maven.apache.org/maven2/junit/junit/4.10/junit-4.10.pom
2013-04-14 13:06:16,827 [Worker-3] INFO  c.n.h.c.p.n.NettyAsyncHttpProvider - Number of application's worked threads is 8
2013-04-14 13:06:16,850 [New I/O client worker #10-1] INFO  o.e.m.c.i.e.AbstractTransferListenerAdapter - Downloading http://repo.maven.apache.org/maven2/org/hamcrest/hamcrest-core/1.1/hamcrest-core-1.1.pom
2013-04-14 13:06:16,852 [New I/O client worker #10-1] INFO  o.e.m.c.i.e.AbstractTransferListenerAdapter - Downloaded http://repo.maven.apache.org/maven2/org/hamcrest/hamcrest-core/1.1/hamcrest-core-1.1.pom
2013-04-14 13:06:16,878 [Worker-3] INFO  c.n.h.c.p.n.NettyAsyncHttpProvider - Number of application's worked threads is 8
2013-04-14 13:06:16,899 [New I/O client worker #11-1] INFO  o.e.m.c.i.e.AbstractTransferListenerAdapter - Downloading http://repo.maven.apache.org/maven2/org/hamcrest/hamcrest-parent/1.1/hamcrest-parent-1.1.pom
2013-04-14 13:06:16,901 [New I/O client worker #11-1] INFO  o.e.m.c.i.e.AbstractTransferListenerAdapter - Downloaded http://repo.maven.apache.org/maven2/org/hamcrest/hamcrest-parent/1.1/hamcrest-parent-1.1.pom
2013-04-14 13:06:16,946 [Worker-3] INFO  c.n.h.c.p.n.NettyAsyncHttpProvider - Number of application's worked threads is 8
2013-04-14 13:06:16,983 [New I/O client worker #12-3] INFO  o.e.m.c.i.e.AbstractTransferListenerAdapter - Downloading http://repo.maven.apache.org/maven2/info/cukes/gherkin/2.10.0/gherkin-2.10.0.jar
2013-04-14 13:06:16,989 [New I/O client worker #12-6] INFO  o.e.m.c.i.e.AbstractTransferListenerAdapter - Downloading http://repo.maven.apache.org/maven2/junit/junit/4.10/junit-4.10.jar
2013-04-14 13:06:16,995 [New I/O client worker #12-7] INFO  o.e.m.c.i.e.AbstractTransferListenerAdapter - Downloading http://repo.maven.apache.org/maven2/org/hamcrest/hamcrest-core/1.1/hamcrest-core-1.1.jar
2013-04-14 13:06:16,999 [New I/O client worker #12-1] INFO  o.e.m.c.i.e.AbstractTransferListenerAdapter - Downloading http://repo.maven.apache.org/maven2/info/cukes/cucumber-java/1.0.8/cucumber-java-1.0.8.jar
2013-04-14 13:06:17,029 [New I/O client worker #12-4] INFO  o.e.m.c.i.e.AbstractTransferListenerAdapter - Downloading http://repo.maven.apache.org/maven2/info/cukes/cucumber-html/0.2.1/cucumber-html-0.2.1.jar
2013-04-14 13:06:17,042 [New I/O client worker #12-2] INFO  o.e.m.c.i.e.AbstractTransferListenerAdapter - Downloading http://repo.maven.apache.org/maven2/info/cukes/cucumber-core/1.0.8/cucumber-core-1.0.8.jar
2013-04-14 13:06:17,046 [New I/O client worker #12-7] INFO  o.e.m.c.i.e.AbstractTransferListenerAdapter - Downloaded http://repo.maven.apache.org/maven2/org/hamcrest/hamcrest-core/1.1/hamcrest-core-1.1.jar
2013-04-14 13:06:17,054 [New I/O client worker #12-4] INFO  o.e.m.c.i.e.AbstractTransferListenerAdapter - Downloaded http://repo.maven.apache.org/maven2/info/cukes/cucumber-html/0.2.1/cucumber-html-0.2.1.jar
2013-04-14 13:06:17,100 [New I/O client worker #12-5] INFO  o.e.m.c.i.e.AbstractTransferListenerAdapter - Downloading http://repo.maven.apache.org/maven2/info/cukes/cucumber-junit/1.0.8/cucumber-junit-1.0.8.jar
2013-04-14 13:06:17,121 [New I/O client worker #12-1] INFO  o.e.m.c.i.e.AbstractTransferListenerAdapter - Downloaded http://repo.maven.apache.org/maven2/info/cukes/cucumber-java/1.0.8/cucumber-java-1.0.8.jar
2013-04-14 13:06:17,122 [New I/O client worker #12-5] INFO  o.e.m.c.i.e.AbstractTransferListenerAdapter - Downloaded http://repo.maven.apache.org/maven2/info/cukes/cucumber-junit/1.0.8/cucumber-junit-1.0.8.jar
2013-04-14 13:06:17,141 [New I/O client worker #12-6] INFO  o.e.m.c.i.e.AbstractTransferListenerAdapter - Downloaded http://repo.maven.apache.org/maven2/junit/junit/4.10/junit-4.10.jar
2013-04-14 13:06:17,260 [New I/O client worker #12-2] INFO  o.e.m.c.i.e.AbstractTransferListenerAdapter - Downloaded http://repo.maven.apache.org/maven2/info/cukes/cucumber-core/1.0.8/cucumber-core-1.0.8.jar
2013-04-14 13:06:17,272 [New I/O client worker #12-3] INFO  o.e.m.c.i.e.AbstractTransferListenerAdapter - Downloaded http://repo.maven.apache.org/maven2/info/cukes/gherkin/2.10.0/gherkin-2.10.0.jar
2013-04-14 13:06:18,522 [Worker-3] WARN  o.e.m.c.i.embedder.EclipseLogger - Failed to dispatch repository event to org.eclipse.m2e.core.internal.embedder.EclipseRepositoryListener: null
2013-04-14 13:06:20,220 [Worker-3] INFO  o.e.m.j.i.AbstractJavaProjectConfigurator - Adding source folder /poker/src/main/java
2013-04-14 13:06:20,221 [Worker-3] INFO  o.e.m.j.i.AbstractJavaProjectConfigurator - Adding source folder /poker/src/test/java
2013-04-14 13:06:20,224 [Worker-3] INFO  o.e.m.j.i.AbstractJavaProjectConfigurator - Adding resource folder /poker/src/test/resources
2013-04-14 13:06:20,230 [Worker-7] INFO  o.e.m.c.i.l.LifecycleMappingFactory - Using org.eclipse.m2e.jdt.JarLifecycleMapping lifecycle mapping for MavenProject: cucumber:poker:0.0.1-SNAPSHOT @ /Users/MatsukuboYuto/git/JunitCucumberPractice/poker/pom.xml.
2013-04-14 13:06:20,356 [Worker-3] INFO  o.e.m.c.i.p.ProjectConfigurationManager - Project import completed 13 sec
2013-04-14 13:06:20,495 [Worker-9] INFO  o.e.m.c.i.p.ProjectConfigurationManager - Update started
2013-04-14 13:06:20,495 [Worker-9] INFO  o.e.m.c.i.p.ProjectConfigurationManager - Update completed: 0 sec
2013-04-14 13:06:21,697 [Worker-8] INFO  o.e.m.c.i.l.LifecycleMappingFactory - Using org.eclipse.m2e.jdt.JarLifecycleMapping lifecycle mapping for MavenProject: cucumber:poker:0.0.1-SNAPSHOT @ /Users/MatsukuboYuto/git/JunitCucumberPractice/poker/pom.xml.
2013-04-14 13:06:21,857 [Worker-8] WARN  o.e.m.c.i.embedder.EclipseLogger - Using platform encoding (SJIS actually) to copy filtered resources, i.e. build is platform dependent!
2013-04-14 13:06:21,858 [Worker-8] INFO  o.e.m.c.i.embedder.EclipseLogger - skip non existing resourceDirectory /Users/MatsukuboYuto/git/JunitCucumberPractice/poker/src/main/resources
2013-04-14 13:06:21,862 [Worker-8] WARN  o.e.m.c.i.embedder.EclipseLogger - Using platform encoding (SJIS actually) to copy filtered resources, i.e. build is platform dependent!
2013-04-14 13:06:21,866 [Worker-8] INFO  o.e.m.c.i.embedder.EclipseLogger - Copying 1 resource
2013-04-14 13:06:38,853 [Worker-3] WARN  o.e.m.c.i.embedder.EclipseLogger - Using platform encoding (SJIS actually) to copy filtered resources, i.e. build is platform dependent!
2013-04-14 13:06:38,855 [Worker-3] INFO  o.e.m.c.i.embedder.EclipseLogger - skip non existing resourceDirectory /Users/MatsukuboYuto/git/JunitCucumberPractice/poker/src/main/resources
2013-04-14 13:06:38,858 [Worker-3] WARN  o.e.m.c.i.embedder.EclipseLogger - Using platform encoding (SJIS actually) to copy filtered resources, i.e. build is platform dependent!
2013-04-14 13:06:38,861 [Worker-3] INFO  o.e.m.c.i.embedder.EclipseLogger - Copying 0 resource
2013-04-14 13:07:47,476 [Worker-4] INFO  o.e.m.c.i.i.nexus.NexusIndexManager - Updated index for repository: central|http://repo.maven.apache.org/maven2 in 115864 ms
2013-04-14 13:13:15,271 [Worker-1] INFO  o.e.m.c.i.i.nexus.NexusIndexManager - Updating index for repository: central|http://repo.maven.apache.org/maven2
2013-04-14 13:13:15,607 [Worker-1] INFO  c.n.h.c.p.n.NettyAsyncHttpProvider - Number of application's worked threads is 8
2013-04-14 13:13:18,531 [Worker-1] INFO  o.e.m.c.i.i.nexus.NexusIndexManager - Updated index for repository: central|http://repo.maven.apache.org/maven2 in 3270 ms
2013-04-14 13:13:38,141 [Worker-0] WARN  o.e.m.c.i.embedder.EclipseLogger - Using platform encoding (SJIS actually) to copy filtered resources, i.e. build is platform dependent!
2013-04-14 13:13:38,144 [Worker-0] INFO  o.e.m.c.i.embedder.EclipseLogger - skip non existing resourceDirectory /Users/MatsukuboYuto/git/JunitCucumberPractice/poker/src/main/resources
2013-04-14 13:13:38,148 [Worker-0] WARN  o.e.m.c.i.embedder.EclipseLogger - Using platform encoding (SJIS actually) to copy filtered resources, i.e. build is platform dependent!
2013-04-14 13:13:38,153 [Worker-0] INFO  o.e.m.c.i.embedder.EclipseLogger - Copying 1 resource
2013-04-14 15:30:59,269 [ModalContext] INFO  c.n.h.c.p.n.NettyAsyncHttpProvider - Number of application's worked threads is 8
2013-04-14 15:31:00,342 [New I/O client worker #2-1] INFO  o.e.m.c.i.e.AbstractTransferListenerAdapter - Downloading http://repo.maven.apache.org/maven2/org/apache/maven/archetypes/maven-archetype-marmalade-mojo/maven-metadata.xml
2013-04-14 15:31:00,344 [New I/O client worker #2-1] INFO  o.e.m.c.i.e.AbstractTransferListenerAdapter - Downloaded http://repo.maven.apache.org/maven2/org/apache/maven/archetypes/maven-archetype-marmalade-mojo/maven-metadata.xml
2013-04-14 15:31:00,978 [ModalContext] INFO  c.n.h.c.p.n.NettyAsyncHttpProvider - Number of application's worked threads is 8
2013-04-14 15:31:01,023 [New I/O client worker #3-1] INFO  o.e.m.c.i.e.AbstractTransferListenerAdapter - Downloading http://repo.maven.apache.org/maven2/org/apache/maven/archetypes/maven-archetype-marmalade-mojo/1.0-alpha-3/maven-archetype-marmalade-mojo-1.0-alpha-3.jar
2013-04-14 15:31:01,024 [New I/O client worker #3-1] INFO  o.e.m.c.i.e.AbstractTransferListenerAdapter - Downloaded http://repo.maven.apache.org/maven2/org/apache/maven/archetypes/maven-archetype-marmalade-mojo/1.0-alpha-3/maven-archetype-marmalade-mojo-1.0-alpha-3.jar
2013-04-14 15:33:10,609 [Worker-67] INFO  c.n.h.c.p.n.NettyAsyncHttpProvider - Number of application's worked threads is 8
2013-04-14 15:33:11,821 [New I/O client worker #4-1] INFO  o.e.m.c.i.e.AbstractTransferListenerAdapter - Downloading http://repo.maven.apache.org/maven2/org/apache/maven/archetypes/maven-archetype-marmalade-mojo/1.0-alpha-3/maven-archetype-marmalade-mojo-1.0-alpha-3.pom
2013-04-14 15:33:11,823 [New I/O client worker #4-1] INFO  o.e.m.c.i.e.AbstractTransferListenerAdapter - Downloaded http://repo.maven.apache.org/maven2/org/apache/maven/archetypes/maven-archetype-marmalade-mojo/1.0-alpha-3/maven-archetype-marmalade-mojo-1.0-alpha-3.pom
2013-04-14 15:33:12,474 [pool-6-thread-1] INFO  o.e.m.c.i.e.AbstractTransferListenerAdapter - Downloaded file:///Users/MatsukuboYuto/.m2/repository/org/apache/maven/archetypes/maven-archetype-marmalade-mojo/1.0-alpha-3/maven-archetype-marmalade-mojo-1.0-alpha-3.jar
2013-04-14 15:33:12,508 [Worker-67] INFO  o.e.m.c.i.p.ProjectConfigurationManager - Collecting project info '/pom.xml' /Users/MatsukuboYuto/git/JunitCucumberPractice/Tutorial/pom.xml
2013-04-14 15:33:12,790 [Worker-67] INFO  c.n.h.c.p.n.NettyAsyncHttpProvider - Number of application's worked threads is 8
2013-04-14 15:33:12,852 [New I/O client worker #5-1] INFO  o.e.m.c.i.e.AbstractTransferListenerAdapter - Downloading http://repo.maven.apache.org/maven2/org/apache/maven/plugins/maven-plugin-plugin/2.9/maven-plugin-plugin-2.9.jar
2013-04-14 15:33:12,867 [New I/O client worker #5-1] INFO  o.e.m.c.i.e.AbstractTransferListenerAdapter - Downloaded http://repo.maven.apache.org/maven2/org/apache/maven/plugins/maven-plugin-plugin/2.9/maven-plugin-plugin-2.9.jar
2013-04-14 15:33:12,968 [Worker-67] INFO  c.n.h.c.p.n.NettyAsyncHttpProvider - Number of application's worked threads is 8
2013-04-14 15:33:12,984 [New I/O client worker #6-1] INFO  o.e.m.c.i.e.AbstractTransferListenerAdapter - Downloading http://repo.maven.apache.org/maven2/org/apache/maven/plugins/maven-jar-plugin/2.3.1/maven-jar-plugin-2.3.1.jar
2013-04-14 15:33:12,994 [New I/O client worker #6-1] INFO  o.e.m.c.i.e.AbstractTransferListenerAdapter - Downloaded http://repo.maven.apache.org/maven2/org/apache/maven/plugins/maven-jar-plugin/2.3.1/maven-jar-plugin-2.3.1.jar
2013-04-14 15:33:13,443 [Worker-67] INFO  o.e.m.c.i.l.LifecycleMappingFactory - Using org.eclipse.m2e.jdt.JarLifecycleMapping lifecycle mapping for MavenProject: junit.cucumber:Tutorial:0.0.1-SNAPSHOT @ /Users/MatsukuboYuto/git/JunitCucumberPractice/Tutorial/pom.xml.
2013-04-14 15:33:13,447 [Worker-67] WARN  o.e.m.c.i.embedder.EclipseLogger - The POM for org.apache.maven:maven-plugin-api:jar:2.0-beta-1-SNAPSHOT is missing, no dependency information available
2013-04-14 15:33:13,449 [Worker-67] INFO  c.n.h.c.p.n.NettyAsyncHttpProvider - Number of application's worked threads is 8
2013-04-14 15:33:13,972 [New I/O client worker #7-1] INFO  o.e.m.c.i.e.AbstractTransferListenerAdapter - Downloading http://repo.maven.apache.org/maven2/marmalade/marmalade-core/1.0-alpha-4/marmalade-core-1.0-alpha-4.pom
2013-04-14 15:33:13,974 [New I/O client worker #7-1] INFO  o.e.m.c.i.e.AbstractTransferListenerAdapter - Downloaded http://repo.maven.apache.org/maven2/marmalade/marmalade-core/1.0-alpha-4/marmalade-core-1.0-alpha-4.pom
2013-04-14 15:33:14,494 [Worker-67] INFO  c.n.h.c.p.n.NettyAsyncHttpProvider - Number of application's worked threads is 8
2013-04-14 15:33:15,203 [New I/O client worker #8-1] INFO  o.e.m.c.i.e.AbstractTransferListenerAdapter - Downloading http://repo.maven.apache.org/maven2/marmalade/marmalade-parent/1.0-alpha-3/marmalade-parent-1.0-alpha-3.pom
2013-04-14 15:33:15,204 [New I/O client worker #8-1] INFO  o.e.m.c.i.e.AbstractTransferListenerAdapter - Downloaded http://repo.maven.apache.org/maven2/marmalade/marmalade-parent/1.0-alpha-3/marmalade-parent-1.0-alpha-3.pom
2013-04-14 15:33:15,834 [Worker-67] INFO  c.n.h.c.p.n.NettyAsyncHttpProvider - Number of application's worked threads is 8
2013-04-14 15:33:16,457 [New I/O client worker #9-1] INFO  o.e.m.c.i.e.AbstractTransferListenerAdapter - Downloading http://repo.maven.apache.org/maven2/plexus/plexus-utils/1.0-alpha-2/plexus-utils-1.0-alpha-2.pom
2013-04-14 15:33:16,459 [New I/O client worker #9-1] INFO  o.e.m.c.i.e.AbstractTransferListenerAdapter - Downloaded http://repo.maven.apache.org/maven2/plexus/plexus-utils/1.0-alpha-2/plexus-utils-1.0-alpha-2.pom
2013-04-14 15:33:17,076 [Worker-67] INFO  c.n.h.c.p.n.NettyAsyncHttpProvider - Number of application's worked threads is 8
2013-04-14 15:33:17,657 [New I/O client worker #10-1] INFO  o.e.m.c.i.e.AbstractTransferListenerAdapter - Downloading http://repo.maven.apache.org/maven2/marmalade/marmalade-el-commons/1.0-alpha-3/marmalade-el-commons-1.0-alpha-3.pom
2013-04-14 15:33:17,659 [New I/O client worker #10-1] INFO  o.e.m.c.i.e.AbstractTransferListenerAdapter - Downloaded http://repo.maven.apache.org/maven2/marmalade/marmalade-el-commons/1.0-alpha-3/marmalade-el-commons-1.0-alpha-3.pom
2013-04-14 15:33:18,285 [Worker-67] INFO  c.n.h.c.p.n.NettyAsyncHttpProvider - Number of application's worked threads is 8
2013-04-14 15:33:18,892 [New I/O client worker #11-1] INFO  o.e.m.c.i.e.AbstractTransferListenerAdapter - Downloading http://repo.maven.apache.org/maven2/marmalade/marmalade-core/1.0-alpha-3/marmalade-core-1.0-alpha-3.pom
2013-04-14 15:33:18,894 [New I/O client worker #11-1] INFO  o.e.m.c.i.e.AbstractTransferListenerAdapter - Downloaded http://repo.maven.apache.org/maven2/marmalade/marmalade-core/1.0-alpha-3/marmalade-core-1.0-alpha-3.pom
2013-04-14 15:33:19,515 [Worker-67] INFO  c.n.h.c.p.n.NettyAsyncHttpProvider - Number of application's worked threads is 8
2013-04-14 15:33:20,127 [New I/O client worker #12-1] INFO  o.e.m.c.i.e.AbstractTransferListenerAdapter - Downloading http://repo.maven.apache.org/maven2/marmalade/marmalade-utils/1.0-alpha-3/marmalade-utils-1.0-alpha-3.pom
2013-04-14 15:33:20,128 [New I/O client worker #12-1] INFO  o.e.m.c.i.e.AbstractTransferListenerAdapter - Downloaded http://repo.maven.apache.org/maven2/marmalade/marmalade-utils/1.0-alpha-3/marmalade-utils-1.0-alpha-3.pom
2013-04-14 15:33:20,743 [Worker-67] INFO  c.n.h.c.p.n.NettyAsyncHttpProvider - Number of application's worked threads is 8
2013-04-14 15:33:20,779 [New I/O client worker #13-1] INFO  o.e.m.c.i.e.AbstractTransferListenerAdapter - Downloading http://repo.maven.apache.org/maven2/commons-el/commons-el/1.0/commons-el-1.0.pom
2013-04-14 15:33:20,780 [New I/O client worker #13-1] INFO  o.e.m.c.i.e.AbstractTransferListenerAdapter - Downloaded http://repo.maven.apache.org/maven2/commons-el/commons-el/1.0/commons-el-1.0.pom
2013-04-14 15:33:20,802 [Worker-67] INFO  c.n.h.c.p.n.NettyAsyncHttpProvider - Number of application's worked threads is 8
2013-04-14 15:33:20,827 [New I/O client worker #14-1] INFO  o.e.m.c.i.e.AbstractTransferListenerAdapter - Downloading http://repo.maven.apache.org/maven2/commons-logging/commons-logging/1.0.3/commons-logging-1.0.3.pom
2013-04-14 15:33:20,827 [New I/O client worker #14-1] INFO  o.e.m.c.i.e.AbstractTransferListenerAdapter - Downloaded http://repo.maven.apache.org/maven2/commons-logging/commons-logging/1.0.3/commons-logging-1.0.3.pom
2013-04-14 15:33:20,847 [Worker-67] INFO  c.n.h.c.p.n.NettyAsyncHttpProvider - Number of application's worked threads is 8
2013-04-14 15:33:21,343 [New I/O client worker #15-1] INFO  o.e.m.c.i.e.AbstractTransferListenerAdapter - Downloading http://repo.maven.apache.org/maven2/servletapi/servletapi/2.4-20040521/servletapi-2.4-20040521.pom
2013-04-14 15:33:21,345 [New I/O client worker #15-1] INFO  o.e.m.c.i.e.AbstractTransferListenerAdapter - Downloaded http://repo.maven.apache.org/maven2/servletapi/servletapi/2.4-20040521/servletapi-2.4-20040521.pom
2013-04-14 15:33:21,973 [Worker-67] INFO  c.n.h.c.p.n.NettyAsyncHttpProvider - Number of application's worked threads is 8
2013-04-14 15:33:22,037 [New I/O client worker #16-1] INFO  o.e.m.c.i.e.AbstractTransferListenerAdapter - Downloading http://repo.maven.apache.org/maven2/javax/servlet/servlet-api/2.4-20040521/servlet-api-2.4-20040521.pom
2013-04-14 15:33:22,038 [New I/O client worker #16-1] INFO  o.e.m.c.i.e.AbstractTransferListenerAdapter - Downloaded http://repo.maven.apache.org/maven2/javax/servlet/servlet-api/2.4-20040521/servlet-api-2.4-20040521.pom
2013-04-14 15:33:22,588 [Worker-67] INFO  c.n.h.c.p.n.NettyAsyncHttpProvider - Number of application's worked threads is 8
2013-04-14 15:33:23,187 [New I/O client worker #17-1] INFO  o.e.m.c.i.e.AbstractTransferListenerAdapter - Downloading http://repo.maven.apache.org/maven2/jspapi/jsp-api/2.0/jsp-api-2.0.pom
2013-04-14 15:33:23,188 [New I/O client worker #17-1] INFO  o.e.m.c.i.e.AbstractTransferListenerAdapter - Downloaded http://repo.maven.apache.org/maven2/jspapi/jsp-api/2.0/jsp-api-2.0.pom
2013-04-14 15:33:23,818 [Worker-67] INFO  c.n.h.c.p.n.NettyAsyncHttpProvider - Number of application's worked threads is 8
2013-04-14 15:33:23,837 [New I/O client worker #18-1] INFO  o.e.m.c.i.e.AbstractTransferListenerAdapter - Downloading http://repo.maven.apache.org/maven2/javax/servlet/jsp-api/2.0/jsp-api-2.0.pom
2013-04-14 15:33:23,838 [New I/O client worker #18-1] INFO  o.e.m.c.i.e.AbstractTransferListenerAdapter - Downloaded http://repo.maven.apache.org/maven2/javax/servlet/jsp-api/2.0/jsp-api-2.0.pom
2013-04-14 15:33:23,861 [Worker-67] INFO  c.n.h.c.p.n.NettyAsyncHttpProvider - Number of application's worked threads is 8
2013-04-14 15:33:23,893 [New I/O client worker #19-1] INFO  o.e.m.c.i.e.AbstractTransferListenerAdapter - Downloading http://repo.maven.apache.org/maven2/javax/servlet/servlet-api/2.4/servlet-api-2.4.pom
2013-04-14 15:33:23,893 [New I/O client worker #19-1] INFO  o.e.m.c.i.e.AbstractTransferListenerAdapter - Downloaded http://repo.maven.apache.org/maven2/javax/servlet/servlet-api/2.4/servlet-api-2.4.pom
2013-04-14 15:33:23,914 [Worker-67] INFO  c.n.h.c.p.n.NettyAsyncHttpProvider - Number of application's worked threads is 8
2013-04-14 15:33:24,416 [New I/O client worker #20-1] INFO  o.e.m.c.i.e.AbstractTransferListenerAdapter - Downloading http://repo.maven.apache.org/maven2/marmalade/marmalade-tags-io/1.0-alpha-3/marmalade-tags-io-1.0-alpha-3.pom
2013-04-14 15:33:24,417 [New I/O client worker #20-1] INFO  o.e.m.c.i.e.AbstractTransferListenerAdapter - Downloaded http://repo.maven.apache.org/maven2/marmalade/marmalade-tags-io/1.0-alpha-3/marmalade-tags-io-1.0-alpha-3.pom
2013-04-14 15:33:25,057 [Worker-67] INFO  c.n.h.c.p.n.NettyAsyncHttpProvider - Number of application's worked threads is 8
2013-04-14 15:33:25,645 [New I/O client worker #21-1] INFO  o.e.m.c.i.e.AbstractTransferListenerAdapter - Downloading http://repo.maven.apache.org/maven2/marmalade/marmalade-taglibs/1.0-alpha-3/marmalade-taglibs-1.0-alpha-3.pom
2013-04-14 15:33:25,646 [New I/O client worker #21-1] INFO  o.e.m.c.i.e.AbstractTransferListenerAdapter - Downloaded http://repo.maven.apache.org/maven2/marmalade/marmalade-taglibs/1.0-alpha-3/marmalade-taglibs-1.0-alpha-3.pom
2013-04-14 15:33:26,273 [Worker-67] WARN  o.e.m.c.i.embedder.EclipseLogger - The POM for marmalade:marmalade-tags-io:jar:1.0-alpha-3 is invalid, transitive dependencies (if any) will not be available, enable debug logging for more details
2013-04-14 15:33:26,274 [Worker-67] WARN  o.e.m.c.i.embedder.EclipseLogger - The POM for org.apache.maven:maven-script-marmalade:jar:2.0-beta-1-SNAPSHOT is missing, no dependency information available
2013-04-14 15:33:26,280 [Worker-67] INFO  c.n.h.c.p.n.NettyAsyncHttpProvider - Number of application's worked threads is 8
2013-04-14 15:33:26,318 [New I/O client worker #22-7] INFO  o.e.m.c.i.e.AbstractTransferListenerAdapter - Downloading http://repo.maven.apache.org/maven2/javax/servlet/jsp-api/2.0/jsp-api-2.0.jar
2013-04-14 15:33:26,319 [New I/O client worker #22-5] INFO  o.e.m.c.i.e.AbstractTransferListenerAdapter - Downloading http://repo.maven.apache.org/maven2/commons-el/commons-el/1.0/commons-el-1.0.jar
2013-04-14 15:33:26,341 [New I/O client worker #22-8] INFO  o.e.m.c.i.e.AbstractTransferListenerAdapter - Downloading http://repo.maven.apache.org/maven2/commons-logging/commons-logging/1.0.3/commons-logging-1.0.3.jar
2013-04-14 15:33:26,350 [New I/O client worker #22-7] INFO  o.e.m.c.i.e.AbstractTransferListenerAdapter - Downloaded http://repo.maven.apache.org/maven2/javax/servlet/jsp-api/2.0/jsp-api-2.0.jar
2013-04-14 15:33:26,354 [New I/O client worker #22-8] INFO  o.e.m.c.i.e.AbstractTransferListenerAdapter - Downloaded http://repo.maven.apache.org/maven2/commons-logging/commons-logging/1.0.3/commons-logging-1.0.3.jar
2013-04-14 15:33:26,373 [New I/O client worker #22-5] INFO  o.e.m.c.i.e.AbstractTransferListenerAdapter - Downloaded http://repo.maven.apache.org/maven2/commons-el/commons-el/1.0/commons-el-1.0.jar
2013-04-14 15:33:26,888 [New I/O client worker #22-3] INFO  o.e.m.c.i.e.AbstractTransferListenerAdapter - Downloading http://repo.maven.apache.org/maven2/marmalade/marmalade-el-commons/1.0-alpha-3/marmalade-el-commons-1.0-alpha-3.jar
2013-04-14 15:33:26,888 [New I/O client worker #22-1] INFO  o.e.m.c.i.e.AbstractTransferListenerAdapter - Downloading http://repo.maven.apache.org/maven2/marmalade/marmalade-core/1.0-alpha-4/marmalade-core-1.0-alpha-4.jar
2013-04-14 15:33:26,899 [New I/O client worker #22-2] INFO  o.e.m.c.i.e.AbstractTransferListenerAdapter - Downloading http://repo.maven.apache.org/maven2/plexus/plexus-utils/1.0-alpha-2/plexus-utils-1.0-alpha-2.jar
2013-04-14 15:33:26,899 [New I/O client worker #22-1] INFO  o.e.m.c.i.e.AbstractTransferListenerAdapter - Downloading http://repo.maven.apache.org/maven2/marmalade/marmalade-tags-io/1.0-alpha-3/marmalade-tags-io-1.0-alpha-3.jar
2013-04-14 15:33:26,899 [New I/O client worker #22-3] INFO  o.e.m.c.i.e.AbstractTransferListenerAdapter - Downloaded http://repo.maven.apache.org/maven2/marmalade/marmalade-el-commons/1.0-alpha-3/marmalade-el-commons-1.0-alpha-3.jar
2013-04-14 15:33:26,899 [New I/O client worker #22-1] INFO  o.e.m.c.i.e.AbstractTransferListenerAdapter - Downloaded http://repo.maven.apache.org/maven2/marmalade/marmalade-tags-io/1.0-alpha-3/marmalade-tags-io-1.0-alpha-3.jar
2013-04-14 15:33:26,900 [New I/O client worker #22-6] INFO  o.e.m.c.i.e.AbstractTransferListenerAdapter - Downloading http://repo.maven.apache.org/maven2/javax/servlet/servlet-api/2.4-20040521/servlet-api-2.4-20040521.jar
2013-04-14 15:33:26,910 [New I/O client worker #22-4] INFO  o.e.m.c.i.e.AbstractTransferListenerAdapter - Downloading http://repo.maven.apache.org/maven2/marmalade/marmalade-utils/1.0-alpha-3/marmalade-utils-1.0-alpha-3.jar
2013-04-14 15:33:26,910 [New I/O client worker #22-4] INFO  o.e.m.c.i.e.AbstractTransferListenerAdapter - Downloaded http://repo.maven.apache.org/maven2/marmalade/marmalade-utils/1.0-alpha-3/marmalade-utils-1.0-alpha-3.jar
2013-04-14 15:33:26,938 [New I/O client worker #22-6] INFO  o.e.m.c.i.e.AbstractTransferListenerAdapter - Downloaded http://repo.maven.apache.org/maven2/javax/servlet/servlet-api/2.4-20040521/servlet-api-2.4-20040521.jar
2013-04-14 15:33:26,991 [New I/O client worker #22-2] INFO  o.e.m.c.i.e.AbstractTransferListenerAdapter - Downloaded http://repo.maven.apache.org/maven2/plexus/plexus-utils/1.0-alpha-2/plexus-utils-1.0-alpha-2.jar
2013-04-14 15:33:27,526 [New I/O client worker #22-1] INFO  o.e.m.c.i.e.AbstractTransferListenerAdapter - Downloaded http://repo.maven.apache.org/maven2/marmalade/marmalade-core/1.0-alpha-4/marmalade-core-1.0-alpha-4.jar
2013-04-14 15:33:28,145 [Worker-67] WARN  o.e.m.c.i.embedder.EclipseLogger - Failed to dispatch repository event to org.eclipse.m2e.core.internal.embedder.EclipseRepositoryListener: null
2013-04-14 15:33:28,572 [Worker-67] INFO  c.n.h.c.p.n.NettyAsyncHttpProvider - Number of application's worked threads is 8
2013-04-14 15:33:28,636 [New I/O client worker #23-1] INFO  o.e.m.c.i.e.AbstractTransferListenerAdapter - Downloading http://repo.maven.apache.org/maven2/org/apache/maven/plugins/maven-plugin-plugin/2.9/maven-plugin-plugin-2.9.pom
2013-04-14 15:33:28,638 [New I/O client worker #23-1] INFO  o.e.m.c.i.e.AbstractTransferListenerAdapter - Downloaded http://repo.maven.apache.org/maven2/org/apache/maven/plugins/maven-plugin-plugin/2.9/maven-plugin-plugin-2.9.pom
2013-04-14 15:33:28,686 [Worker-67] INFO  c.n.h.c.p.n.NettyAsyncHttpProvider - Number of application's worked threads is 8
2013-04-14 15:33:28,701 [New I/O client worker #24-1] INFO  o.e.m.c.i.e.AbstractTransferListenerAdapter - Downloading http://repo.maven.apache.org/maven2/org/apache/maven/plugins/maven-plugins/22/maven-plugins-22.pom
2013-04-14 15:33:28,703 [New I/O client worker #24-1] INFO  o.e.m.c.i.e.AbstractTransferListenerAdapter - Downloaded http://repo.maven.apache.org/maven2/org/apache/maven/plugins/maven-plugins/22/maven-plugins-22.pom
2013-04-14 15:33:28,723 [Worker-67] INFO  c.n.h.c.p.n.NettyAsyncHttpProvider - Number of application's worked threads is 8
2013-04-14 15:33:28,769 [New I/O client worker #25-1] INFO  o.e.m.c.i.e.AbstractTransferListenerAdapter - Downloading http://repo.maven.apache.org/maven2/org/apache/maven/maven-parent/21/maven-parent-21.pom
2013-04-14 15:33:28,778 [New I/O client worker #25-1] INFO  o.e.m.c.i.e.AbstractTransferListenerAdapter - Downloaded http://repo.maven.apache.org/maven2/org/apache/maven/maven-parent/21/maven-parent-21.pom
2013-04-14 15:33:28,804 [Worker-67] INFO  c.n.h.c.p.n.NettyAsyncHttpProvider - Number of application's worked threads is 8
2013-04-14 15:33:28,819 [New I/O client worker #26-1] INFO  o.e.m.c.i.e.AbstractTransferListenerAdapter - Downloading http://repo.maven.apache.org/maven2/org/apache/apache/10/apache-10.pom
2013-04-14 15:33:28,824 [New I/O client worker #26-1] INFO  o.e.m.c.i.e.AbstractTransferListenerAdapter - Downloaded http://repo.maven.apache.org/maven2/org/apache/apache/10/apache-10.pom
2013-04-14 15:33:28,868 [Worker-67] INFO  o.e.m.j.i.AbstractJavaProjectConfigurator - Adding source folder /Tutorial/src/main/java
2013-04-14 15:33:28,869 [Worker-67] INFO  o.e.m.j.i.AbstractJavaProjectConfigurator - Adding resource folder /Tutorial/src/main/resources
2013-04-14 15:33:28,870 [Worker-67] INFO  o.e.m.j.i.AbstractJavaProjectConfigurator - Adding source folder /Tutorial/src/test/java
2013-04-14 15:33:28,936 [Worker-67] INFO  o.e.m.c.i.p.ProjectConfigurationManager - Project import completed 16 sec
2013-04-14 15:33:29,206 [Worker-64] INFO  o.e.m.c.i.l.LifecycleMappingFactory - Using org.eclipse.m2e.jdt.JarLifecycleMapping lifecycle mapping for MavenProject: junit.cucumber:Tutorial:0.0.1-SNAPSHOT @ /Users/MatsukuboYuto/git/JunitCucumberPractice/Tutorial/pom.xml.
2013-04-14 15:33:29,210 [Worker-64] WARN  o.e.m.c.i.embedder.EclipseLogger - The POM for org.apache.maven:maven-plugin-api:jar:2.0-beta-1-SNAPSHOT is missing, no dependency information available
2013-04-14 15:33:29,266 [Worker-64] WARN  o.e.m.c.i.embedder.EclipseLogger - The POM for marmalade:marmalade-tags-io:jar:1.0-alpha-3 is invalid, transitive dependencies (if any) will not be available, enable debug logging for more details
2013-04-14 15:33:29,267 [Worker-64] WARN  o.e.m.c.i.embedder.EclipseLogger - The POM for org.apache.maven:maven-script-marmalade:jar:2.0-beta-1-SNAPSHOT is missing, no dependency information available
2013-04-14 15:33:29,377 [Worker-64] WARN  o.e.m.c.i.embedder.EclipseLogger - The POM for org.apache.maven:maven-plugin-api:jar:2.0-beta-1-SNAPSHOT is missing, no dependency information available
2013-04-14 15:33:29,406 [Worker-64] WARN  o.e.m.c.i.embedder.EclipseLogger - The POM for marmalade:marmalade-tags-io:jar:1.0-alpha-3 is invalid, transitive dependencies (if any) will not be available, enable debug logging for more details
2013-04-14 15:33:29,407 [Worker-64] WARN  o.e.m.c.i.embedder.EclipseLogger - The POM for org.apache.maven:maven-script-marmalade:jar:2.0-beta-1-SNAPSHOT is missing, no dependency information available
2013-04-14 15:33:29,415 [Worker-64] WARN  o.e.m.c.i.embedder.EclipseLogger - Using platform encoding (SJIS actually) to copy filtered resources, i.e. build is platform dependent!
2013-04-14 15:33:29,417 [Worker-64] INFO  o.e.m.c.i.embedder.EclipseLogger - Copying 2 resources
2013-04-14 15:33:29,423 [Worker-64] WARN  o.e.m.c.i.embedder.EclipseLogger - Using platform encoding (SJIS actually) to copy filtered resources, i.e. build is platform dependent!
2013-04-14 15:33:29,424 [Worker-64] INFO  o.e.m.c.i.embedder.EclipseLogger - skip non existing resourceDirectory /Users/MatsukuboYuto/git/JunitCucumberPractice/Tutorial/src/test/resources
2013-04-14 15:33:30,216 [Worker-68] INFO  o.e.m.c.i.l.LifecycleMappingFactory - Using org.eclipse.m2e.jdt.JarLifecycleMapping lifecycle mapping for MavenProject: junit.cucumber:Tutorial:0.0.1-SNAPSHOT @ /Users/MatsukuboYuto/git/JunitCucumberPractice/Tutorial/pom.xml.
2013-04-14 15:33:30,219 [Worker-68] WARN  o.e.m.c.i.embedder.EclipseLogger - The POM for org.apache.maven:maven-plugin-api:jar:2.0-beta-1-SNAPSHOT is missing, no dependency information available
2013-04-14 15:33:30,248 [Worker-68] WARN  o.e.m.c.i.embedder.EclipseLogger - The POM for marmalade:marmalade-tags-io:jar:1.0-alpha-3 is invalid, transitive dependencies (if any) will not be available, enable debug logging for more details
2013-04-14 15:33:30,249 [Worker-68] WARN  o.e.m.c.i.embedder.EclipseLogger - The POM for org.apache.maven:maven-script-marmalade:jar:2.0-beta-1-SNAPSHOT is missing, no dependency information available
2013-04-14 15:33:30,488 [Worker-67] WARN  o.e.m.c.i.embedder.EclipseLogger - Using platform encoding (SJIS actually) to copy filtered resources, i.e. build is platform dependent!
2013-04-14 15:33:30,491 [Worker-67] INFO  o.e.m.c.i.embedder.EclipseLogger - Copying 0 resource
2013-04-14 15:33:30,493 [Worker-67] WARN  o.e.m.c.i.embedder.EclipseLogger - Using platform encoding (SJIS actually) to copy filtered resources, i.e. build is platform dependent!
2013-04-14 15:33:30,494 [Worker-67] INFO  o.e.m.c.i.embedder.EclipseLogger - skip non existing resourceDirectory /Users/MatsukuboYuto/git/JunitCucumberPractice/Tutorial/src/test/resources
2013-04-14 15:34:45,625 [Worker-64] INFO  o.e.m.c.i.l.LifecycleMappingFactory - Using org.eclipse.m2e.jdt.JarLifecycleMapping lifecycle mapping for MavenProject: junit.cucumbre:Tutorial:0.0.1-SNAPSHOT @ /Users/MatsukuboYuto/git/JunitCucumberPractice/Tutorial/pom.xml.
2013-04-14 15:34:45,691 [Worker-64] INFO  o.e.m.j.i.AbstractJavaProjectConfigurator - Adding source folder /Tutorial/src/main/java
2013-04-14 15:34:45,691 [Worker-64] INFO  o.e.m.j.i.AbstractJavaProjectConfigurator - Adding resource folder /Tutorial/src/main/resources
2013-04-14 15:34:45,692 [Worker-64] INFO  o.e.m.j.i.AbstractJavaProjectConfigurator - Adding source folder /Tutorial/src/test/java
2013-04-14 15:34:45,692 [Worker-64] INFO  o.e.m.j.i.AbstractJavaProjectConfigurator - Adding resource folder /Tutorial/src/test/resources
2013-04-14 15:34:45,931 [Worker-71] INFO  o.e.m.c.i.l.LifecycleMappingFactory - Using org.eclipse.m2e.jdt.JarLifecycleMapping lifecycle mapping for MavenProject: junit.cucumbre:Tutorial:0.0.1-SNAPSHOT @ /Users/MatsukuboYuto/git/JunitCucumberPractice/Tutorial/pom.xml.
2013-04-14 15:34:46,030 [Worker-71] WARN  o.e.m.c.i.embedder.EclipseLogger - Using platform encoding (SJIS actually) to copy filtered resources, i.e. build is platform dependent!
2013-04-14 15:34:46,033 [Worker-71] INFO  o.e.m.c.i.embedder.EclipseLogger - Copying 0 resource
2013-04-14 15:34:46,036 [Worker-71] WARN  o.e.m.c.i.embedder.EclipseLogger - Using platform encoding (SJIS actually) to copy filtered resources, i.e. build is platform dependent!
2013-04-14 15:34:46,037 [Worker-71] INFO  o.e.m.c.i.embedder.EclipseLogger - Copying 0 resource
2013-04-14 15:34:46,793 [Worker-59] INFO  o.e.m.c.i.l.LifecycleMappingFactory - Using org.eclipse.m2e.jdt.JarLifecycleMapping lifecycle mapping for MavenProject: junit.cucumbre:Tutorial:0.0.1-SNAPSHOT @ /Users/MatsukuboYuto/git/JunitCucumberPractice/Tutorial/pom.xml.
2013-04-14 15:34:47,053 [Worker-69] WARN  o.e.m.c.i.embedder.EclipseLogger - Using platform encoding (SJIS actually) to copy filtered resources, i.e. build is platform dependent!
2013-04-14 15:34:47,054 [Worker-69] INFO  o.e.m.c.i.embedder.EclipseLogger - Copying 0 resource
2013-04-14 15:34:47,056 [Worker-69] WARN  o.e.m.c.i.embedder.EclipseLogger - Using platform encoding (SJIS actually) to copy filtered resources, i.e. build is platform dependent!
2013-04-14 15:34:47,057 [Worker-69] INFO  o.e.m.c.i.embedder.EclipseLogger - Copying 0 resource
2013-04-14 15:36:19,295 [Worker-74] INFO  o.e.m.c.i.l.LifecycleMappingFactory - Using org.eclipse.m2e.jdt.JarLifecycleMapping lifecycle mapping for MavenProject: junit.cucumbre:Tutorial:0.0.1-SNAPSHOT @ /Users/MatsukuboYuto/git/JunitCucumberPractice/Tutorial/pom.xml.
2013-04-14 15:36:19,386 [Worker-74] WARN  o.e.m.c.i.embedder.EclipseLogger - Using platform encoding (SJIS actually) to copy filtered resources, i.e. build is platform dependent!
2013-04-14 15:36:19,387 [Worker-74] INFO  o.e.m.c.i.embedder.EclipseLogger - Copying 0 resource
2013-04-14 15:36:19,390 [Worker-74] WARN  o.e.m.c.i.embedder.EclipseLogger - Using platform encoding (SJIS actually) to copy filtered resources, i.e. build is platform dependent!
2013-04-14 15:36:19,390 [Worker-74] INFO  o.e.m.c.i.embedder.EclipseLogger - Copying 0 resource
2013-04-14 15:37:29,840 [Worker-76] WARN  o.e.m.c.i.embedder.EclipseLogger - Using platform encoding (SJIS actually) to copy filtered resources, i.e. build is platform dependent!
2013-04-14 15:37:29,840 [Worker-76] INFO  o.e.m.c.i.embedder.EclipseLogger - Copying 0 resource
2013-04-14 15:37:29,842 [Worker-76] WARN  o.e.m.c.i.embedder.EclipseLogger - Using platform encoding (SJIS actually) to copy filtered resources, i.e. build is platform dependent!
2013-04-14 15:37:29,845 [Worker-76] INFO  o.e.m.c.i.embedder.EclipseLogger - Copying 0 resource
2013-04-14 15:37:49,062 [Worker-74] WARN  o.e.m.c.i.embedder.EclipseLogger - Using platform encoding (SJIS actually) to copy filtered resources, i.e. build is platform dependent!
2013-04-14 15:37:49,063 [Worker-74] INFO  o.e.m.c.i.embedder.EclipseLogger - Copying 0 resource
2013-04-14 15:37:49,065 [Worker-74] WARN  o.e.m.c.i.embedder.EclipseLogger - Using platform encoding (SJIS actually) to copy filtered resources, i.e. build is platform dependent!
2013-04-14 15:37:49,066 [Worker-74] INFO  o.e.m.c.i.embedder.EclipseLogger - Copying 0 resource
2013-04-14 15:38:11,716 [Worker-76] WARN  o.e.m.c.i.embedder.EclipseLogger - Using platform encoding (SJIS actually) to copy filtered resources, i.e. build is platform dependent!
2013-04-14 15:38:11,716 [Worker-76] INFO  o.e.m.c.i.embedder.EclipseLogger - Copying 0 resource
2013-04-14 15:38:11,719 [Worker-76] WARN  o.e.m.c.i.embedder.EclipseLogger - Using platform encoding (SJIS actually) to copy filtered resources, i.e. build is platform dependent!
2013-04-14 15:38:11,720 [Worker-76] INFO  o.e.m.c.i.embedder.EclipseLogger - Copying 0 resource
2013-04-14 15:38:33,508 [Worker-78] WARN  o.e.m.c.i.embedder.EclipseLogger - Using platform encoding (SJIS actually) to copy filtered resources, i.e. build is platform dependent!
2013-04-14 15:38:33,509 [Worker-78] INFO  o.e.m.c.i.embedder.EclipseLogger - Copying 0 resource
2013-04-14 15:38:33,516 [Worker-78] WARN  o.e.m.c.i.embedder.EclipseLogger - Using platform encoding (SJIS actually) to copy filtered resources, i.e. build is platform dependent!
2013-04-14 15:38:33,518 [Worker-78] INFO  o.e.m.c.i.embedder.EclipseLogger - Copying 1 resource
2013-04-14 15:41:05,631 [Worker-68] WARN  o.e.m.c.i.embedder.EclipseLogger - Using platform encoding (SJIS actually) to copy filtered resources, i.e. build is platform dependent!
2013-04-14 15:41:05,633 [Worker-68] INFO  o.e.m.c.i.embedder.EclipseLogger - Copying 0 resource
2013-04-14 15:41:05,635 [Worker-68] WARN  o.e.m.c.i.embedder.EclipseLogger - Using platform encoding (SJIS actually) to copy filtered resources, i.e. build is platform dependent!
2013-04-14 15:41:05,637 [Worker-68] INFO  o.e.m.c.i.embedder.EclipseLogger - Copying 1 resource
2013-04-14 15:43:46,197 [Worker-68] WARN  o.e.m.c.i.embedder.EclipseLogger - Using platform encoding (SJIS actually) to copy filtered resources, i.e. build is platform dependent!
2013-04-14 15:43:46,198 [Worker-68] INFO  o.e.m.c.i.embedder.EclipseLogger - Copying 0 resource
2013-04-14 15:43:46,200 [Worker-68] WARN  o.e.m.c.i.embedder.EclipseLogger - Using platform encoding (SJIS actually) to copy filtered resources, i.e. build is platform dependent!
2013-04-14 15:43:46,200 [Worker-68] INFO  o.e.m.c.i.embedder.EclipseLogger - Copying 0 resource
2013-04-14 15:44:38,393 [Worker-80] WARN  o.e.m.c.i.embedder.EclipseLogger - Using platform encoding (SJIS actually) to copy filtered resources, i.e. build is platform dependent!
2013-04-14 15:44:38,394 [Worker-80] INFO  o.e.m.c.i.embedder.EclipseLogger - Copying 0 resource
2013-04-14 15:44:38,396 [Worker-80] WARN  o.e.m.c.i.embedder.EclipseLogger - Using platform encoding (SJIS actually) to copy filtered resources, i.e. build is platform dependent!
2013-04-14 15:44:38,398 [Worker-80] INFO  o.e.m.c.i.embedder.EclipseLogger - Copying 1 resource
2013-04-14 15:44:54,477 [main] INFO  c.n.h.c.p.n.NettyAsyncHttpProvider - Number of application's worked threads is 8
2013-04-14 15:44:54,715 [pool-32-thread-1] INFO  c.n.h.c.p.n.NettyAsyncHttpProvider - Number of application's worked threads is 8
2013-04-14 15:44:54,778 [main] ERROR o.e.r.i.r.repo.ModelRepositoryIndex - Failed to open search index.
org.apache.lucene.index.IndexNotFoundException: no segments* file found in org.apache.lucene.store.NIOFSDirectory@/Users/MatsukuboYuto/git/JunitCucumberPractice/.metadata/.plugins/org.eclipse.recommenders.rcp/index lockFactory=org.apache.lucene.store.NativeFSLockFactory@b1f28df: files: []
	at org.apache.lucene.index.SegmentInfos$FindSegmentsFile.run(SegmentInfos.java:712) ~[org.apache.lucene.core_3.5.0.v20120319-2345.jar:3.5.0 1204988 - simon - 2011-11-22 14:46:51]
	at org.apache.lucene.index.DirectoryReader.open(DirectoryReader.java:75) ~[org.apache.lucene.core_3.5.0.v20120319-2345.jar:3.5.0 1204988 - simon - 2011-11-22 14:46:51]
	at org.apache.lucene.index.IndexReader.open(IndexReader.java:462) ~[org.apache.lucene.core_3.5.0.v20120319-2345.jar:3.5.0 1204988 - simon - 2011-11-22 14:46:51]
	at org.apache.lucene.index.IndexReader.open(IndexReader.java:308) ~[org.apache.lucene.core_3.5.0.v20120319-2345.jar:3.5.0 1204988 - simon - 2011-11-22 14:46:51]
	at org.eclipse.recommenders.internal.rcp.repo.ModelRepositoryIndex.open(ModelRepositoryIndex.java:64) ~[org.eclipse.recommenders.rcp_1.0.3.v20130211-0152-b208.jar:na]
	at org.eclipse.recommenders.internal.rcp.wiring.RecommendersModule$ServicesInitializer.<init>(RecommendersModule.java:377) [org.eclipse.recommenders.rcp_1.0.3.v20130211-0152-b208.jar:na]
	at sun.reflect.NativeConstructorAccessorImpl.newInstance0(Native Method) [na:1.6.0_43]
	at sun.reflect.NativeConstructorAccessorImpl.newInstance(NativeConstructorAccessorImpl.java:39) [na:1.6.0_43]
	at sun.reflect.DelegatingConstructorAccessorImpl.newInstance(DelegatingConstructorAccessorImpl.java:27) [na:1.6.0_43]
	at java.lang.reflect.Constructor.newInstance(Constructor.java:513) [na:1.6.0_43]
	at com.google.inject.internal.DefaultConstructionProxyFactory$1.newInstance(DefaultConstructionProxyFactory.java:85) [com.google.inject_3.0.0.v201203062045.jar:na]
	at com.google.inject.internal.ConstructorInjector.construct(ConstructorInjector.java:85) [com.google.inject_3.0.0.v201203062045.jar:na]
	at com.google.inject.internal.ConstructorBindingImpl$Factory.get(ConstructorBindingImpl.java:254) [com.google.inject_3.0.0.v201203062045.jar:na]
	at com.google.inject.internal.ProviderToInternalFactoryAdapter$1.call(ProviderToInternalFactoryAdapter.java:46) [com.google.inject_3.0.0.v201203062045.jar:na]
	at com.google.inject.internal.InjectorImpl.callInContext(InjectorImpl.java:1031) [com.google.inject_3.0.0.v201203062045.jar:na]
	at com.google.inject.internal.ProviderToInternalFactoryAdapter.get(ProviderToInternalFactoryAdapter.java:40) [com.google.inject_3.0.0.v201203062045.jar:na]
	at com.google.inject.Scopes$1$1.get(Scopes.java:65) [com.google.inject_3.0.0.v201203062045.jar:na]
	at com.google.inject.internal.InternalFactoryToProviderAdapter.get(InternalFactoryToProviderAdapter.java:40) [com.google.inject_3.0.0.v201203062045.jar:na]
	at com.google.inject.internal.InternalInjectorCreator$1.call(InternalInjectorCreator.java:204) [com.google.inject_3.0.0.v201203062045.jar:na]
	at com.google.inject.internal.InternalInjectorCreator$1.call(InternalInjectorCreator.java:198) [com.google.inject_3.0.0.v201203062045.jar:na]
	at com.google.inject.internal.InjectorImpl.callInContext(InjectorImpl.java:1024) [com.google.inject_3.0.0.v201203062045.jar:na]
	at com.google.inject.internal.InternalInjectorCreator.loadEagerSingletons(InternalInjectorCreator.java:198) [com.google.inject_3.0.0.v201203062045.jar:na]
	at com.google.inject.internal.InternalInjectorCreator.injectDynamically(InternalInjectorCreator.java:179) [com.google.inject_3.0.0.v201203062045.jar:na]
	at com.google.inject.internal.InternalInjectorCreator.build(InternalInjectorCreator.java:109) [com.google.inject_3.0.0.v201203062045.jar:na]
	at com.google.inject.Guice.createInjector(Guice.java:95) [com.google.inject_3.0.0.v201203062045.jar:na]
	at com.google.inject.Guice.createInjector(Guice.java:72) [com.google.inject_3.0.0.v201203062045.jar:na]
	at org.eclipse.recommenders.injection.InjectionService.getInjector(InjectionService.java:47) [org.eclipse.recommenders.injection_1.0.3.v20130211-0152-b208.jar:na]
	at org.eclipse.recommenders.injection.ExtensionFactory.<init>(ExtensionFactory.java:28) [org.eclipse.recommenders.injection_1.0.3.v20130211-0152-b208.jar:na]
	at sun.reflect.NativeConstructorAccessorImpl.newInstance0(Native Method) [na:1.6.0_43]
	at sun.reflect.NativeConstructorAccessorImpl.newInstance(NativeConstructorAccessorImpl.java:39) [na:1.6.0_43]
	at sun.reflect.DelegatingConstructorAccessorImpl.newInstance(DelegatingConstructorAccessorImpl.java:27) [na:1.6.0_43]
	at java.lang.reflect.Constructor.newInstance(Constructor.java:513) [na:1.6.0_43]
	at java.lang.Class.newInstance0(Class.java:357) [na:1.6.0_43]
	at java.lang.Class.newInstance(Class.java:310) [na:1.6.0_43]
	at org.eclipse.core.internal.registry.osgi.RegistryStrategyOSGI.createExecutableExtension(RegistryStrategyOSGI.java:184) [org.eclipse.equinox.registry_3.5.200.v20120522-1841.jar:na]
	at org.eclipse.core.internal.registry.ExtensionRegistry.createExecutableExtension(ExtensionRegistry.java:905) [org.eclipse.equinox.registry_3.5.200.v20120522-1841.jar:na]
	at org.eclipse.core.internal.registry.ConfigurationElement.createExecutableExtension(ConfigurationElement.java:243) [org.eclipse.equinox.registry_3.5.200.v20120522-1841.jar:na]
	at org.eclipse.core.internal.registry.ConfigurationElementHandle.createExecutableExtension(ConfigurationElementHandle.java:55) [org.eclipse.equinox.registry_3.5.200.v20120522-1841.jar:na]
	at org.eclipse.jdt.internal.ui.text.java.CompletionProposalComputerDescriptor.createComputer(CompletionProposalComputerDescriptor.java:308) [org.eclipse.jdt.ui_3.8.2.v20130107-165834.jar:na]
	at org.eclipse.jdt.internal.ui.text.java.CompletionProposalComputerDescriptor.getComputer(CompletionProposalComputerDescriptor.java:275) [org.eclipse.jdt.ui_3.8.2.v20130107-165834.jar:na]
	at org.eclipse.jdt.internal.ui.text.java.CompletionProposalComputerDescriptor.sessionStarted(CompletionProposalComputerDescriptor.java:418) [org.eclipse.jdt.ui_3.8.2.v20130107-165834.jar:na]
	at org.eclipse.jdt.internal.ui.text.java.CompletionProposalCategory.sessionStarted(CompletionProposalCategory.java:389) [org.eclipse.jdt.ui_3.8.2.v20130107-165834.jar:na]
	at org.eclipse.jdt.internal.ui.text.java.ContentAssistProcessor$CompletionListener.assistSessionStarted(ContentAssistProcessor.java:119) [org.eclipse.jdt.ui_3.8.2.v20130107-165834.jar:na]
	at org.eclipse.jface.text.contentassist.ContentAssistant.fireSessionBeginEvent(ContentAssistant.java:2221) [org.eclipse.jface.text_3.8.2.v20121126-164145.jar:na]
	at org.eclipse.jface.text.contentassist.ContentAssistant.prepareToShowCompletions(ContentAssistant.java:1696) [org.eclipse.jface.text_3.8.2.v20121126-164145.jar:na]
	at org.eclipse.jface.text.contentassist.ContentAssistant.access$6(ContentAssistant.java:1687) [org.eclipse.jface.text_3.8.2.v20121126-164145.jar:na]
	at org.eclipse.jface.text.contentassist.ContentAssistant$2.run(ContentAssistant.java:376) [org.eclipse.jface.text_3.8.2.v20121126-164145.jar:na]
	at org.eclipse.swt.widgets.RunnableLock.run(RunnableLock.java:35) [org.eclipse.swt.cocoa.macosx.x86_64_3.100.1.v4236b.jar:na]
	at org.eclipse.swt.widgets.Synchronizer.runAsyncMessages(Synchronizer.java:135) [org.eclipse.swt.cocoa.macosx.x86_64_3.100.1.v4236b.jar:na]
	at org.eclipse.swt.widgets.Display.runAsyncMessages(Display.java:3946) [org.eclipse.swt.cocoa.macosx.x86_64_3.100.1.v4236b.jar:na]
	at org.eclipse.swt.widgets.Display.readAndDispatch(Display.java:3623) [org.eclipse.swt.cocoa.macosx.x86_64_3.100.1.v4236b.jar:na]
	at org.eclipse.e4.ui.internal.workbench.swt.PartRenderingEngine$9.run(PartRenderingEngine.java:1053) [org.eclipse.e4.ui.workbench.swt_0.10.3.v20130124-133900.jar:na]
	at org.eclipse.core.databinding.observable.Realm.runWithDefault(Realm.java:332) [org.eclipse.core.databinding.observable_1.4.1.v20120521-2329.jar:na]
	at org.eclipse.e4.ui.internal.workbench.swt.PartRenderingEngine.run(PartRenderingEngine.java:942) [org.eclipse.e4.ui.workbench.swt_0.10.3.v20130124-133900.jar:na]
	at org.eclipse.e4.ui.internal.workbench.E4Workbench.createAndRunUI(E4Workbench.java:86) [org.eclipse.e4.ui.workbench_0.11.0.v20130125-100758.jar:na]
	at org.eclipse.ui.internal.Workbench$5.run(Workbench.java:588) [org.eclipse.ui.workbench_3.104.0.v20130204-164612.jar:na]
	at org.eclipse.core.databinding.observable.Realm.runWithDefault(Realm.java:332) [org.eclipse.core.databinding.observable_1.4.1.v20120521-2329.jar:na]
	at org.eclipse.ui.internal.Workbench.createAndRunWorkbench(Workbench.java:543) [org.eclipse.ui.workbench_3.104.0.v20130204-164612.jar:na]
	at org.eclipse.ui.PlatformUI.createAndRunWorkbench(PlatformUI.java:149) [org.eclipse.ui.workbench_3.104.0.v20130204-164612.jar:na]
	at org.eclipse.ui.internal.ide.application.IDEApplication.start(IDEApplication.java:124) [org.eclipse.ui.ide.application_1.0.400.v20120523-1955.jar:na]
	at org.eclipse.equinox.internal.app.EclipseAppHandle.run(EclipseAppHandle.java:196) [org.eclipse.equinox.app_1.3.100.v20120522-1841.jar:na]
	at org.eclipse.core.runtime.internal.adaptor.EclipseAppLauncher.runApplication(EclipseAppLauncher.java:110) [org.eclipse.osgi_3.8.2.v20130124-134944.jar:na]
	at org.eclipse.core.runtime.internal.adaptor.EclipseAppLauncher.start(EclipseAppLauncher.java:79) [org.eclipse.osgi_3.8.2.v20130124-134944.jar:na]
	at org.eclipse.core.runtime.adaptor.EclipseStarter.run(EclipseStarter.java:353) [org.eclipse.osgi_3.8.2.v20130124-134944.jar:na]
	at org.eclipse.core.runtime.adaptor.EclipseStarter.run(EclipseStarter.java:180) [org.eclipse.osgi_3.8.2.v20130124-134944.jar:na]
	at sun.reflect.NativeMethodAccessorImpl.invoke0(Native Method) ~[na:1.6.0_43]
	at sun.reflect.NativeMethodAccessorImpl.invoke(NativeMethodAccessorImpl.java:39) ~[na:1.6.0_43]
	at sun.reflect.DelegatingMethodAccessorImpl.invoke(DelegatingMethodAccessorImpl.java:25) ~[na:1.6.0_43]
	at java.lang.reflect.Method.invoke(Method.java:597) ~[na:1.6.0_43]
	at org.eclipse.equinox.launcher.Main.invokeFramework(Main.java:629) [org.eclipse.equinox.launcher_1.3.0.v20120522-1813.jar:na]
	at org.eclipse.equinox.launcher.Main.basicRun(Main.java:584) [org.eclipse.equinox.launcher_1.3.0.v20120522-1813.jar:na]
	at org.eclipse.equinox.launcher.Main.run(Main.java:1438) [org.eclipse.equinox.launcher_1.3.0.v20120522-1813.jar:na]
2013-04-14 15:44:56,679 [pool-35-thread-1] INFO  c.n.h.c.p.n.NettyAsyncHttpProvider - Number of application's worked threads is 8
2013-04-14 15:45:46,258 [Worker-83] INFO  o.e.m.c.i.l.LifecycleMappingFactory - Using org.eclipse.m2e.jdt.JarLifecycleMapping lifecycle mapping for MavenProject: junit.cucumbre:Tutorial:0.0.1-SNAPSHOT @ /Users/MatsukuboYuto/git/JunitCucumberPractice/Tutorial/pom.xml.
2013-04-14 15:45:46,399 [Worker-83] WARN  o.e.m.c.i.embedder.EclipseLogger - Using platform encoding (SJIS actually) to copy filtered resources, i.e. build is platform dependent!
2013-04-14 15:45:46,400 [Worker-83] INFO  o.e.m.c.i.embedder.EclipseLogger - Copying 0 resource
2013-04-14 15:45:46,402 [Worker-83] WARN  o.e.m.c.i.embedder.EclipseLogger - Using platform encoding (SJIS actually) to copy filtered resources, i.e. build is platform dependent!
2013-04-14 15:45:46,403 [Worker-83] INFO  o.e.m.c.i.embedder.EclipseLogger - Copying 0 resource
2013-04-14 15:45:47,512 [Worker-79] WARN  o.e.m.c.i.embedder.EclipseLogger - Using platform encoding (SJIS actually) to copy filtered resources, i.e. build is platform dependent!
2013-04-14 15:45:47,513 [Worker-79] INFO  o.e.m.c.i.embedder.EclipseLogger - Copying 0 resource
2013-04-14 15:45:47,515 [Worker-79] WARN  o.e.m.c.i.embedder.EclipseLogger - Using platform encoding (SJIS actually) to copy filtered resources, i.e. build is platform dependent!
2013-04-14 15:45:47,516 [Worker-79] INFO  o.e.m.c.i.embedder.EclipseLogger - Copying 1 resource
2013-04-14 15:46:24,249 [Worker-84] WARN  o.e.m.c.i.embedder.EclipseLogger - Using platform encoding (SJIS actually) to copy filtered resources, i.e. build is platform dependent!
2013-04-14 15:46:24,250 [Worker-84] INFO  o.e.m.c.i.embedder.EclipseLogger - Copying 0 resource
2013-04-14 15:46:24,253 [Worker-84] WARN  o.e.m.c.i.embedder.EclipseLogger - Using platform encoding (SJIS actually) to copy filtered resources, i.e. build is platform dependent!
2013-04-14 15:46:24,255 [Worker-84] INFO  o.e.m.c.i.embedder.EclipseLogger - Copying 1 resource
2013-04-14 15:50:03,600 [Worker-85] WARN  o.e.m.c.i.embedder.EclipseLogger - Using platform encoding (SJIS actually) to copy filtered resources, i.e. build is platform dependent!
2013-04-14 15:50:03,601 [Worker-85] INFO  o.e.m.c.i.embedder.EclipseLogger - Copying 0 resource
2013-04-14 15:50:03,603 [Worker-85] WARN  o.e.m.c.i.embedder.EclipseLogger - Using platform encoding (SJIS actually) to copy filtered resources, i.e. build is platform dependent!
2013-04-14 15:50:03,606 [Worker-85] INFO  o.e.m.c.i.embedder.EclipseLogger - Copying 1 resource
2013-04-14 15:51:00,508 [Worker-85] WARN  o.e.m.c.i.embedder.EclipseLogger - Using platform encoding (SJIS actually) to copy filtered resources, i.e. build is platform dependent!
2013-04-14 15:51:00,509 [Worker-85] INFO  o.e.m.c.i.embedder.EclipseLogger - Copying 0 resource
2013-04-14 15:51:00,511 [Worker-85] WARN  o.e.m.c.i.embedder.EclipseLogger - Using platform encoding (SJIS actually) to copy filtered resources, i.e. build is platform dependent!
2013-04-14 15:51:00,512 [Worker-85] INFO  o.e.m.c.i.embedder.EclipseLogger - Copying 1 resource
2013-04-14 15:54:21,401 [Worker-59] WARN  o.e.m.c.i.embedder.EclipseLogger - Using platform encoding (SJIS actually) to copy filtered resources, i.e. build is platform dependent!
2013-04-14 15:54:21,403 [Worker-59] INFO  o.e.m.c.i.embedder.EclipseLogger - Copying 0 resource
2013-04-14 15:54:21,406 [Worker-59] WARN  o.e.m.c.i.embedder.EclipseLogger - Using platform encoding (SJIS actually) to copy filtered resources, i.e. build is platform dependent!
2013-04-14 15:54:21,408 [Worker-59] INFO  o.e.m.c.i.embedder.EclipseLogger - Copying 1 resource
2013-04-14 15:56:02,650 [Worker-89] WARN  o.e.m.c.i.embedder.EclipseLogger - Using platform encoding (SJIS actually) to copy filtered resources, i.e. build is platform dependent!
2013-04-14 15:56:02,651 [Worker-89] INFO  o.e.m.c.i.embedder.EclipseLogger - Copying 0 resource
2013-04-14 15:56:02,653 [Worker-89] WARN  o.e.m.c.i.embedder.EclipseLogger - Using platform encoding (SJIS actually) to copy filtered resources, i.e. build is platform dependent!
2013-04-14 15:56:02,655 [Worker-89] INFO  o.e.m.c.i.embedder.EclipseLogger - Copying 1 resource
2013-04-14 15:57:26,450 [Worker-89] WARN  o.e.m.c.i.embedder.EclipseLogger - Using platform encoding (SJIS actually) to copy filtered resources, i.e. build is platform dependent!
2013-04-14 15:57:26,453 [Worker-89] INFO  o.e.m.c.i.embedder.EclipseLogger - Copying 0 resource
2013-04-14 15:57:26,455 [Worker-89] WARN  o.e.m.c.i.embedder.EclipseLogger - Using platform encoding (SJIS actually) to copy filtered resources, i.e. build is platform dependent!
2013-04-14 15:57:26,456 [Worker-89] INFO  o.e.m.c.i.embedder.EclipseLogger - Copying 1 resource
2013-04-14 16:03:23,600 [Worker-88] WARN  o.e.m.c.i.embedder.EclipseLogger - Using platform encoding (SJIS actually) to copy filtered resources, i.e. build is platform dependent!
2013-04-14 16:03:23,602 [Worker-88] INFO  o.e.m.c.i.embedder.EclipseLogger - Copying 0 resource
2013-04-14 16:03:23,605 [Worker-88] WARN  o.e.m.c.i.embedder.EclipseLogger - Using platform encoding (SJIS actually) to copy filtered resources, i.e. build is platform dependent!
2013-04-14 16:03:23,606 [Worker-88] INFO  o.e.m.c.i.embedder.EclipseLogger - Copying 1 resource
2013-04-14 16:03:27,160 [Worker-97] WARN  o.e.m.c.i.embedder.EclipseLogger - Using platform encoding (SJIS actually) to copy filtered resources, i.e. build is platform dependent!
2013-04-14 16:03:27,160 [Worker-97] INFO  o.e.m.c.i.embedder.EclipseLogger - Copying 0 resource
2013-04-14 16:03:27,162 [Worker-97] WARN  o.e.m.c.i.embedder.EclipseLogger - Using platform encoding (SJIS actually) to copy filtered resources, i.e. build is platform dependent!
2013-04-14 16:03:27,163 [Worker-97] INFO  o.e.m.c.i.embedder.EclipseLogger - Copying 1 resource
2013-04-14 16:04:02,203 [Worker-95] WARN  o.e.m.c.i.embedder.EclipseLogger - Using platform encoding (SJIS actually) to copy filtered resources, i.e. build is platform dependent!
2013-04-14 16:04:02,203 [Worker-95] INFO  o.e.m.c.i.embedder.EclipseLogger - Copying 0 resource
2013-04-14 16:04:02,205 [Worker-95] WARN  o.e.m.c.i.embedder.EclipseLogger - Using platform encoding (SJIS actually) to copy filtered resources, i.e. build is platform dependent!
2013-04-14 16:04:02,206 [Worker-95] INFO  o.e.m.c.i.embedder.EclipseLogger - Copying 1 resource
2013-04-14 16:06:57,906 [Worker-99] WARN  o.e.m.c.i.embedder.EclipseLogger - Using platform encoding (SJIS actually) to copy filtered resources, i.e. build is platform dependent!
2013-04-14 16:06:57,907 [Worker-99] INFO  o.e.m.c.i.embedder.EclipseLogger - Copying 0 resource
2013-04-14 16:06:57,909 [Worker-99] WARN  o.e.m.c.i.embedder.EclipseLogger - Using platform encoding (SJIS actually) to copy filtered resources, i.e. build is platform dependent!
2013-04-14 16:06:57,910 [Worker-99] INFO  o.e.m.c.i.embedder.EclipseLogger - Copying 1 resource
2013-04-14 16:07:09,615 [Worker-97] WARN  o.e.m.c.i.embedder.EclipseLogger - Using platform encoding (SJIS actually) to copy filtered resources, i.e. build is platform dependent!
2013-04-14 16:07:09,616 [Worker-97] INFO  o.e.m.c.i.embedder.EclipseLogger - Copying 0 resource
2013-04-14 16:07:09,618 [Worker-97] WARN  o.e.m.c.i.embedder.EclipseLogger - Using platform encoding (SJIS actually) to copy filtered resources, i.e. build is platform dependent!
2013-04-14 16:07:09,619 [Worker-97] INFO  o.e.m.c.i.embedder.EclipseLogger - Copying 1 resource
2013-04-14 16:07:20,287 [Worker-100] WARN  o.e.m.c.i.embedder.EclipseLogger - Using platform encoding (SJIS actually) to copy filtered resources, i.e. build is platform dependent!
2013-04-14 16:07:20,287 [Worker-100] INFO  o.e.m.c.i.embedder.EclipseLogger - Copying 0 resource
2013-04-14 16:07:20,289 [Worker-100] WARN  o.e.m.c.i.embedder.EclipseLogger - Using platform encoding (SJIS actually) to copy filtered resources, i.e. build is platform dependent!
2013-04-14 16:07:20,290 [Worker-100] INFO  o.e.m.c.i.embedder.EclipseLogger - Copying 1 resource
2013-04-14 16:08:28,859 [Worker-59] WARN  o.e.m.c.i.embedder.EclipseLogger - Using platform encoding (SJIS actually) to copy filtered resources, i.e. build is platform dependent!
2013-04-14 16:08:28,860 [Worker-59] INFO  o.e.m.c.i.embedder.EclipseLogger - Copying 0 resource
2013-04-14 16:08:28,862 [Worker-59] WARN  o.e.m.c.i.embedder.EclipseLogger - Using platform encoding (SJIS actually) to copy filtered resources, i.e. build is platform dependent!
2013-04-14 16:08:28,862 [Worker-59] INFO  o.e.m.c.i.embedder.EclipseLogger - Copying 0 resource
2013-04-14 16:08:37,102 [Worker-90] WARN  o.e.m.c.i.embedder.EclipseLogger - Using platform encoding (SJIS actually) to copy filtered resources, i.e. build is platform dependent!
2013-04-14 16:08:37,103 [Worker-90] INFO  o.e.m.c.i.embedder.EclipseLogger - Copying 0 resource
2013-04-14 16:08:37,107 [Worker-90] WARN  o.e.m.c.i.embedder.EclipseLogger - Using platform encoding (SJIS actually) to copy filtered resources, i.e. build is platform dependent!
2013-04-14 16:08:37,108 [Worker-90] INFO  o.e.m.c.i.embedder.EclipseLogger - Copying 0 resource
2013-04-14 16:09:12,484 [Worker-99] WARN  o.e.m.c.i.embedder.EclipseLogger - Using platform encoding (SJIS actually) to copy filtered resources, i.e. build is platform dependent!
2013-04-14 16:09:12,484 [Worker-99] INFO  o.e.m.c.i.embedder.EclipseLogger - Copying 0 resource
2013-04-14 16:09:12,486 [Worker-99] WARN  o.e.m.c.i.embedder.EclipseLogger - Using platform encoding (SJIS actually) to copy filtered resources, i.e. build is platform dependent!
2013-04-14 16:09:12,486 [Worker-99] INFO  o.e.m.c.i.embedder.EclipseLogger - Copying 0 resource
2013-04-14 16:09:21,008 [Worker-99] WARN  o.e.m.c.i.embedder.EclipseLogger - Using platform encoding (SJIS actually) to copy filtered resources, i.e. build is platform dependent!
2013-04-14 16:09:21,009 [Worker-99] INFO  o.e.m.c.i.embedder.EclipseLogger - Copying 0 resource
2013-04-14 16:09:21,010 [Worker-99] WARN  o.e.m.c.i.embedder.EclipseLogger - Using platform encoding (SJIS actually) to copy filtered resources, i.e. build is platform dependent!
2013-04-14 16:09:21,011 [Worker-99] INFO  o.e.m.c.i.embedder.EclipseLogger - Copying 0 resource
2013-04-14 16:10:21,428 [Worker-101] WARN  o.e.m.c.i.embedder.EclipseLogger - Using platform encoding (SJIS actually) to copy filtered resources, i.e. build is platform dependent!
2013-04-14 16:10:21,429 [Worker-101] INFO  o.e.m.c.i.embedder.EclipseLogger - Copying 0 resource
2013-04-14 16:10:21,431 [Worker-101] WARN  o.e.m.c.i.embedder.EclipseLogger - Using platform encoding (SJIS actually) to copy filtered resources, i.e. build is platform dependent!
2013-04-14 16:10:21,431 [Worker-101] INFO  o.e.m.c.i.embedder.EclipseLogger - Copying 0 resource
2013-04-14 16:10:31,689 [Worker-90] WARN  o.e.m.c.i.embedder.EclipseLogger - Using platform encoding (SJIS actually) to copy filtered resources, i.e. build is platform dependent!
2013-04-14 16:10:31,690 [Worker-90] INFO  o.e.m.c.i.embedder.EclipseLogger - Copying 0 resource
2013-04-14 16:10:31,692 [Worker-90] WARN  o.e.m.c.i.embedder.EclipseLogger - Using platform encoding (SJIS actually) to copy filtered resources, i.e. build is platform dependent!
2013-04-14 16:10:31,693 [Worker-90] INFO  o.e.m.c.i.embedder.EclipseLogger - Copying 0 resource
2013-04-14 16:11:57,591 [Worker-89] WARN  o.e.m.c.i.embedder.EclipseLogger - Using platform encoding (SJIS actually) to copy filtered resources, i.e. build is platform dependent!
2013-04-14 16:11:57,591 [Worker-89] INFO  o.e.m.c.i.embedder.EclipseLogger - Copying 0 resource
2013-04-14 16:11:57,593 [Worker-89] WARN  o.e.m.c.i.embedder.EclipseLogger - Using platform encoding (SJIS actually) to copy filtered resources, i.e. build is platform dependent!
2013-04-14 16:11:57,594 [Worker-89] INFO  o.e.m.c.i.embedder.EclipseLogger - Copying 1 resource
2013-04-14 16:12:45,447 [Worker-97] WARN  o.e.m.c.i.embedder.EclipseLogger - Using platform encoding (SJIS actually) to copy filtered resources, i.e. build is platform dependent!
2013-04-14 16:12:45,448 [Worker-97] INFO  o.e.m.c.i.embedder.EclipseLogger - Copying 0 resource
2013-04-14 16:12:45,450 [Worker-97] WARN  o.e.m.c.i.embedder.EclipseLogger - Using platform encoding (SJIS actually) to copy filtered resources, i.e. build is platform dependent!
2013-04-14 16:12:45,450 [Worker-97] INFO  o.e.m.c.i.embedder.EclipseLogger - Copying 0 resource
2013-04-14 16:14:04,174 [pool-37-thread-1] INFO  c.n.h.c.p.n.NettyAsyncHttpProvider - Number of application's worked threads is 8
2013-04-14 16:14:05,888 [pool-39-thread-1] INFO  c.n.h.c.p.n.NettyAsyncHttpProvider - Number of application's worked threads is 8
2013-04-14 16:14:06,684 [pool-41-thread-1] INFO  c.n.h.c.p.n.NettyAsyncHttpProvider - Number of application's worked threads is 8
2013-04-14 16:14:17,489 [Worker-106] WARN  o.e.m.c.i.embedder.EclipseLogger - Using platform encoding (SJIS actually) to copy filtered resources, i.e. build is platform dependent!
2013-04-14 16:14:17,490 [Worker-106] INFO  o.e.m.c.i.embedder.EclipseLogger - Copying 0 resource
2013-04-14 16:14:17,491 [Worker-106] WARN  o.e.m.c.i.embedder.EclipseLogger - Using platform encoding (SJIS actually) to copy filtered resources, i.e. build is platform dependent!
2013-04-14 16:14:17,492 [Worker-106] INFO  o.e.m.c.i.embedder.EclipseLogger - Copying 0 resource
2013-04-14 16:15:33,383 [Worker-107] WARN  o.e.m.c.i.embedder.EclipseLogger - Using platform encoding (SJIS actually) to copy filtered resources, i.e. build is platform dependent!
2013-04-14 16:15:33,383 [Worker-107] INFO  o.e.m.c.i.embedder.EclipseLogger - Copying 0 resource
2013-04-14 16:15:33,385 [Worker-107] WARN  o.e.m.c.i.embedder.EclipseLogger - Using platform encoding (SJIS actually) to copy filtered resources, i.e. build is platform dependent!
2013-04-14 16:15:33,386 [Worker-107] INFO  o.e.m.c.i.embedder.EclipseLogger - Copying 1 resource
2013-04-14 16:16:04,696 [Worker-97] WARN  o.e.m.c.i.embedder.EclipseLogger - Using platform encoding (SJIS actually) to copy filtered resources, i.e. build is platform dependent!
2013-04-14 16:16:04,697 [Worker-97] INFO  o.e.m.c.i.embedder.EclipseLogger - Copying 0 resource
2013-04-14 16:16:04,699 [Worker-97] WARN  o.e.m.c.i.embedder.EclipseLogger - Using platform encoding (SJIS actually) to copy filtered resources, i.e. build is platform dependent!
2013-04-14 16:16:04,700 [Worker-97] INFO  o.e.m.c.i.embedder.EclipseLogger - Copying 0 resource
2013-04-14 16:17:36,105 [Worker-97] WARN  o.e.m.c.i.embedder.EclipseLogger - Using platform encoding (SJIS actually) to copy filtered resources, i.e. build is platform dependent!
2013-04-14 16:17:36,106 [Worker-97] INFO  o.e.m.c.i.embedder.EclipseLogger - Copying 0 resource
2013-04-14 16:17:36,107 [Worker-97] WARN  o.e.m.c.i.embedder.EclipseLogger - Using platform encoding (SJIS actually) to copy filtered resources, i.e. build is platform dependent!
2013-04-14 16:17:36,108 [Worker-97] INFO  o.e.m.c.i.embedder.EclipseLogger - Copying 0 resource
2013-04-14 16:17:43,177 [Worker-100] WARN  o.e.m.c.i.embedder.EclipseLogger - Using platform encoding (SJIS actually) to copy filtered resources, i.e. build is platform dependent!
2013-04-14 16:17:43,178 [Worker-100] INFO  o.e.m.c.i.embedder.EclipseLogger - Copying 0 resource
2013-04-14 16:17:43,180 [Worker-100] WARN  o.e.m.c.i.embedder.EclipseLogger - Using platform encoding (SJIS actually) to copy filtered resources, i.e. build is platform dependent!
2013-04-14 16:17:43,180 [Worker-100] INFO  o.e.m.c.i.embedder.EclipseLogger - Copying 0 resource
2013-04-14 16:19:27,948 [Worker-106] WARN  o.e.m.c.i.embedder.EclipseLogger - Using platform encoding (SJIS actually) to copy filtered resources, i.e. build is platform dependent!
2013-04-14 16:19:27,949 [Worker-106] INFO  o.e.m.c.i.embedder.EclipseLogger - Copying 0 resource
2013-04-14 16:19:27,950 [Worker-106] WARN  o.e.m.c.i.embedder.EclipseLogger - Using platform encoding (SJIS actually) to copy filtered resources, i.e. build is platform dependent!
2013-04-14 16:19:27,952 [Worker-106] INFO  o.e.m.c.i.embedder.EclipseLogger - Copying 1 resource
2013-04-14 16:20:21,730 [Worker-104] WARN  o.e.m.c.i.embedder.EclipseLogger - Using platform encoding (SJIS actually) to copy filtered resources, i.e. build is platform dependent!
2013-04-14 16:20:21,731 [Worker-104] INFO  o.e.m.c.i.embedder.EclipseLogger - Copying 0 resource
2013-04-14 16:20:21,733 [Worker-104] WARN  o.e.m.c.i.embedder.EclipseLogger - Using platform encoding (SJIS actually) to copy filtered resources, i.e. build is platform dependent!
2013-04-14 16:20:21,734 [Worker-104] INFO  o.e.m.c.i.embedder.EclipseLogger - Copying 1 resource
2013-04-14 16:20:27,763 [Worker-105] WARN  o.e.m.c.i.embedder.EclipseLogger - Using platform encoding (SJIS actually) to copy filtered resources, i.e. build is platform dependent!
2013-04-14 16:20:27,764 [Worker-105] INFO  o.e.m.c.i.embedder.EclipseLogger - Copying 0 resource
2013-04-14 16:20:27,766 [Worker-105] WARN  o.e.m.c.i.embedder.EclipseLogger - Using platform encoding (SJIS actually) to copy filtered resources, i.e. build is platform dependent!
2013-04-14 16:20:27,767 [Worker-105] INFO  o.e.m.c.i.embedder.EclipseLogger - Copying 1 resource
2013-04-14 16:20:49,875 [Worker-108] WARN  o.e.m.c.i.embedder.EclipseLogger - Using platform encoding (SJIS actually) to copy filtered resources, i.e. build is platform dependent!
2013-04-14 16:20:49,876 [Worker-108] INFO  o.e.m.c.i.embedder.EclipseLogger - Copying 0 resource
2013-04-14 16:20:49,877 [Worker-108] WARN  o.e.m.c.i.embedder.EclipseLogger - Using platform encoding (SJIS actually) to copy filtered resources, i.e. build is platform dependent!
2013-04-14 16:20:49,879 [Worker-108] INFO  o.e.m.c.i.embedder.EclipseLogger - Copying 1 resource
2013-04-14 16:23:22,576 [Worker-105] WARN  o.e.m.c.i.embedder.EclipseLogger - Using platform encoding (SJIS actually) to copy filtered resources, i.e. build is platform dependent!
2013-04-14 16:23:22,576 [Worker-105] INFO  o.e.m.c.i.embedder.EclipseLogger - Copying 0 resource
2013-04-14 16:23:22,578 [Worker-105] WARN  o.e.m.c.i.embedder.EclipseLogger - Using platform encoding (SJIS actually) to copy filtered resources, i.e. build is platform dependent!
2013-04-14 16:23:22,578 [Worker-105] INFO  o.e.m.c.i.embedder.EclipseLogger - Copying 1 resource
2013-04-14 16:24:36,702 [Worker-111] WARN  o.e.m.c.i.embedder.EclipseLogger - Using platform encoding (SJIS actually) to copy filtered resources, i.e. build is platform dependent!
2013-04-14 16:24:36,703 [Worker-111] INFO  o.e.m.c.i.embedder.EclipseLogger - Copying 0 resource
2013-04-14 16:24:36,704 [Worker-111] WARN  o.e.m.c.i.embedder.EclipseLogger - Using platform encoding (SJIS actually) to copy filtered resources, i.e. build is platform dependent!
2013-04-14 16:24:36,705 [Worker-111] INFO  o.e.m.c.i.embedder.EclipseLogger - Copying 1 resource
2013-04-14 16:25:10,893 [Worker-111] WARN  o.e.m.c.i.embedder.EclipseLogger - Using platform encoding (SJIS actually) to copy filtered resources, i.e. build is platform dependent!
2013-04-14 16:25:10,893 [Worker-111] INFO  o.e.m.c.i.embedder.EclipseLogger - Copying 0 resource
2013-04-14 16:25:10,895 [Worker-111] WARN  o.e.m.c.i.embedder.EclipseLogger - Using platform encoding (SJIS actually) to copy filtered resources, i.e. build is platform dependent!
2013-04-14 16:25:10,896 [Worker-111] INFO  o.e.m.c.i.embedder.EclipseLogger - Copying 1 resource
2013-04-14 16:25:22,895 [Worker-111] WARN  o.e.m.c.i.embedder.EclipseLogger - Using platform encoding (SJIS actually) to copy filtered resources, i.e. build is platform dependent!
2013-04-14 16:25:22,895 [Worker-111] INFO  o.e.m.c.i.embedder.EclipseLogger - Copying 0 resource
2013-04-14 16:25:22,897 [Worker-111] WARN  o.e.m.c.i.embedder.EclipseLogger - Using platform encoding (SJIS actually) to copy filtered resources, i.e. build is platform dependent!
2013-04-14 16:25:22,898 [Worker-111] INFO  o.e.m.c.i.embedder.EclipseLogger - Copying 1 resource
2013-04-14 16:25:34,288 [Worker-114] WARN  o.e.m.c.i.embedder.EclipseLogger - Using platform encoding (SJIS actually) to copy filtered resources, i.e. build is platform dependent!
2013-04-14 16:25:34,289 [Worker-114] INFO  o.e.m.c.i.embedder.EclipseLogger - Copying 0 resource
2013-04-14 16:25:34,290 [Worker-114] WARN  o.e.m.c.i.embedder.EclipseLogger - Using platform encoding (SJIS actually) to copy filtered resources, i.e. build is platform dependent!
2013-04-14 16:25:34,291 [Worker-114] INFO  o.e.m.c.i.embedder.EclipseLogger - Copying 1 resource
2013-04-14 16:25:39,801 [Worker-110] WARN  o.e.m.c.i.embedder.EclipseLogger - Using platform encoding (SJIS actually) to copy filtered resources, i.e. build is platform dependent!
2013-04-14 16:25:39,801 [Worker-110] INFO  o.e.m.c.i.embedder.EclipseLogger - Copying 0 resource
2013-04-14 16:25:39,803 [Worker-110] WARN  o.e.m.c.i.embedder.EclipseLogger - Using platform encoding (SJIS actually) to copy filtered resources, i.e. build is platform dependent!
2013-04-14 16:25:39,803 [Worker-110] INFO  o.e.m.c.i.embedder.EclipseLogger - Copying 1 resource
2013-04-14 16:25:55,570 [Worker-107] WARN  o.e.m.c.i.embedder.EclipseLogger - Using platform encoding (SJIS actually) to copy filtered resources, i.e. build is platform dependent!
2013-04-14 16:25:55,571 [Worker-107] INFO  o.e.m.c.i.embedder.EclipseLogger - Copying 0 resource
2013-04-14 16:25:55,573 [Worker-107] WARN  o.e.m.c.i.embedder.EclipseLogger - Using platform encoding (SJIS actually) to copy filtered resources, i.e. build is platform dependent!
2013-04-14 16:25:55,574 [Worker-107] INFO  o.e.m.c.i.embedder.EclipseLogger - Copying 1 resource
2013-04-14 16:26:17,627 [Worker-107] WARN  o.e.m.c.i.embedder.EclipseLogger - Using platform encoding (SJIS actually) to copy filtered resources, i.e. build is platform dependent!
2013-04-14 16:26:17,628 [Worker-107] INFO  o.e.m.c.i.embedder.EclipseLogger - Copying 0 resource
2013-04-14 16:26:17,630 [Worker-107] WARN  o.e.m.c.i.embedder.EclipseLogger - Using platform encoding (SJIS actually) to copy filtered resources, i.e. build is platform dependent!
2013-04-14 16:26:17,631 [Worker-107] INFO  o.e.m.c.i.embedder.EclipseLogger - Copying 1 resource
2013-04-14 16:26:19,732 [Worker-59] WARN  o.e.m.c.i.embedder.EclipseLogger - Using platform encoding (SJIS actually) to copy filtered resources, i.e. build is platform dependent!
2013-04-14 16:26:19,733 [Worker-59] INFO  o.e.m.c.i.embedder.EclipseLogger - Copying 0 resource
2013-04-14 16:26:19,734 [Worker-59] WARN  o.e.m.c.i.embedder.EclipseLogger - Using platform encoding (SJIS actually) to copy filtered resources, i.e. build is platform dependent!
2013-04-14 16:26:19,735 [Worker-59] INFO  o.e.m.c.i.embedder.EclipseLogger - Copying 1 resource
2013-04-14 16:26:57,127 [Worker-106] WARN  o.e.m.c.i.embedder.EclipseLogger - Using platform encoding (SJIS actually) to copy filtered resources, i.e. build is platform dependent!
2013-04-14 16:26:57,127 [Worker-106] INFO  o.e.m.c.i.embedder.EclipseLogger - Copying 0 resource
2013-04-14 16:26:57,129 [Worker-106] WARN  o.e.m.c.i.embedder.EclipseLogger - Using platform encoding (SJIS actually) to copy filtered resources, i.e. build is platform dependent!
2013-04-14 16:26:57,129 [Worker-106] INFO  o.e.m.c.i.embedder.EclipseLogger - Copying 0 resource
2013-04-14 16:27:10,320 [Worker-105] WARN  o.e.m.c.i.embedder.EclipseLogger - Using platform encoding (SJIS actually) to copy filtered resources, i.e. build is platform dependent!
2013-04-14 16:27:10,321 [Worker-105] INFO  o.e.m.c.i.embedder.EclipseLogger - Copying 0 resource
2013-04-14 16:27:10,322 [Worker-105] WARN  o.e.m.c.i.embedder.EclipseLogger - Using platform encoding (SJIS actually) to copy filtered resources, i.e. build is platform dependent!
2013-04-14 16:27:10,323 [Worker-105] INFO  o.e.m.c.i.embedder.EclipseLogger - Copying 0 resource
2013-04-14 16:27:24,262 [Worker-110] WARN  o.e.m.c.i.embedder.EclipseLogger - Using platform encoding (SJIS actually) to copy filtered resources, i.e. build is platform dependent!
2013-04-14 16:27:24,263 [Worker-110] INFO  o.e.m.c.i.embedder.EclipseLogger - Copying 0 resource
2013-04-14 16:27:24,265 [Worker-110] WARN  o.e.m.c.i.embedder.EclipseLogger - Using platform encoding (SJIS actually) to copy filtered resources, i.e. build is platform dependent!
2013-04-14 16:27:24,266 [Worker-110] INFO  o.e.m.c.i.embedder.EclipseLogger - Copying 0 resource
2013-04-14 16:27:40,068 [Worker-114] WARN  o.e.m.c.i.embedder.EclipseLogger - Using platform encoding (SJIS actually) to copy filtered resources, i.e. build is platform dependent!
2013-04-14 16:27:40,069 [Worker-114] INFO  o.e.m.c.i.embedder.EclipseLogger - Copying 0 resource
2013-04-14 16:27:40,071 [Worker-114] WARN  o.e.m.c.i.embedder.EclipseLogger - Using platform encoding (SJIS actually) to copy filtered resources, i.e. build is platform dependent!
2013-04-14 16:27:40,071 [Worker-114] INFO  o.e.m.c.i.embedder.EclipseLogger - Copying 0 resource
2013-04-14 16:27:49,014 [Worker-59] WARN  o.e.m.c.i.embedder.EclipseLogger - Using platform encoding (SJIS actually) to copy filtered resources, i.e. build is platform dependent!
2013-04-14 16:27:49,015 [Worker-59] INFO  o.e.m.c.i.embedder.EclipseLogger - Copying 0 resource
2013-04-14 16:27:49,017 [Worker-59] WARN  o.e.m.c.i.embedder.EclipseLogger - Using platform encoding (SJIS actually) to copy filtered resources, i.e. build is platform dependent!
2013-04-14 16:27:49,017 [Worker-59] INFO  o.e.m.c.i.embedder.EclipseLogger - Copying 0 resource
2013-04-14 16:28:01,103 [Worker-107] WARN  o.e.m.c.i.embedder.EclipseLogger - Using platform encoding (SJIS actually) to copy filtered resources, i.e. build is platform dependent!
2013-04-14 16:28:01,104 [Worker-107] INFO  o.e.m.c.i.embedder.EclipseLogger - Copying 0 resource
2013-04-14 16:28:01,105 [Worker-107] WARN  o.e.m.c.i.embedder.EclipseLogger - Using platform encoding (SJIS actually) to copy filtered resources, i.e. build is platform dependent!
2013-04-14 16:28:01,106 [Worker-107] INFO  o.e.m.c.i.embedder.EclipseLogger - Copying 1 resource
2013-04-14 16:29:55,029 [Worker-89] WARN  o.e.m.c.i.embedder.EclipseLogger - Using platform encoding (SJIS actually) to copy filtered resources, i.e. build is platform dependent!
2013-04-14 16:29:55,030 [Worker-89] INFO  o.e.m.c.i.embedder.EclipseLogger - Copying 0 resource
2013-04-14 16:29:55,031 [Worker-89] WARN  o.e.m.c.i.embedder.EclipseLogger - Using platform encoding (SJIS actually) to copy filtered resources, i.e. build is platform dependent!
2013-04-14 16:29:55,032 [Worker-89] INFO  o.e.m.c.i.embedder.EclipseLogger - Copying 1 resource
2013-04-14 16:30:12,081 [Worker-109] WARN  o.e.m.c.i.embedder.EclipseLogger - Using platform encoding (SJIS actually) to copy filtered resources, i.e. build is platform dependent!
2013-04-14 16:30:12,082 [Worker-109] INFO  o.e.m.c.i.embedder.EclipseLogger - Copying 0 resource
2013-04-14 16:30:12,083 [Worker-109] WARN  o.e.m.c.i.embedder.EclipseLogger - Using platform encoding (SJIS actually) to copy filtered resources, i.e. build is platform dependent!
2013-04-14 16:30:12,084 [Worker-109] INFO  o.e.m.c.i.embedder.EclipseLogger - Copying 1 resource
2013-04-14 16:30:13,565 [Worker-115] WARN  o.e.m.c.i.embedder.EclipseLogger - Using platform encoding (SJIS actually) to copy filtered resources, i.e. build is platform dependent!
2013-04-14 16:30:13,565 [Worker-115] INFO  o.e.m.c.i.embedder.EclipseLogger - Copying 0 resource
2013-04-14 16:30:13,567 [Worker-115] WARN  o.e.m.c.i.embedder.EclipseLogger - Using platform encoding (SJIS actually) to copy filtered resources, i.e. build is platform dependent!
2013-04-14 16:30:13,568 [Worker-115] INFO  o.e.m.c.i.embedder.EclipseLogger - Copying 1 resource
2013-04-14 16:30:28,973 [Worker-107] WARN  o.e.m.c.i.embedder.EclipseLogger - Using platform encoding (SJIS actually) to copy filtered resources, i.e. build is platform dependent!
2013-04-14 16:30:28,973 [Worker-107] INFO  o.e.m.c.i.embedder.EclipseLogger - Copying 0 resource
2013-04-14 16:30:28,976 [Worker-107] WARN  o.e.m.c.i.embedder.EclipseLogger - Using platform encoding (SJIS actually) to copy filtered resources, i.e. build is platform dependent!
2013-04-14 16:30:28,977 [Worker-107] INFO  o.e.m.c.i.embedder.EclipseLogger - Copying 1 resource
2013-04-14 16:31:11,065 [Worker-111] WARN  o.e.m.c.i.embedder.EclipseLogger - Using platform encoding (SJIS actually) to copy filtered resources, i.e. build is platform dependent!
2013-04-14 16:31:11,066 [Worker-111] INFO  o.e.m.c.i.embedder.EclipseLogger - Copying 0 resource
2013-04-14 16:31:11,068 [Worker-111] WARN  o.e.m.c.i.embedder.EclipseLogger - Using platform encoding (SJIS actually) to copy filtered resources, i.e. build is platform dependent!
2013-04-14 16:31:11,069 [Worker-111] INFO  o.e.m.c.i.embedder.EclipseLogger - Copying 1 resource
2013-04-14 16:34:12,378 [Worker-117] WARN  o.e.m.c.i.embedder.EclipseLogger - Using platform encoding (SJIS actually) to copy filtered resources, i.e. build is platform dependent!
2013-04-14 16:34:12,379 [Worker-117] INFO  o.e.m.c.i.embedder.EclipseLogger - Copying 0 resource
2013-04-14 16:34:12,380 [Worker-117] WARN  o.e.m.c.i.embedder.EclipseLogger - Using platform encoding (SJIS actually) to copy filtered resources, i.e. build is platform dependent!
2013-04-14 16:34:12,381 [Worker-117] INFO  o.e.m.c.i.embedder.EclipseLogger - Copying 1 resource
2013-04-14 16:34:34,122 [Worker-59] WARN  o.e.m.c.i.embedder.EclipseLogger - Using platform encoding (SJIS actually) to copy filtered resources, i.e. build is platform dependent!
2013-04-14 16:34:34,123 [Worker-59] INFO  o.e.m.c.i.embedder.EclipseLogger - Copying 0 resource
2013-04-14 16:34:34,124 [Worker-59] WARN  o.e.m.c.i.embedder.EclipseLogger - Using platform encoding (SJIS actually) to copy filtered resources, i.e. build is platform dependent!
2013-04-14 16:34:34,125 [Worker-59] INFO  o.e.m.c.i.embedder.EclipseLogger - Copying 1 resource
2013-04-14 16:35:07,821 [Worker-107] WARN  o.e.m.c.i.embedder.EclipseLogger - Using platform encoding (SJIS actually) to copy filtered resources, i.e. build is platform dependent!
2013-04-14 16:35:07,822 [Worker-107] INFO  o.e.m.c.i.embedder.EclipseLogger - Copying 0 resource
2013-04-14 16:35:07,824 [Worker-107] WARN  o.e.m.c.i.embedder.EclipseLogger - Using platform encoding (SJIS actually) to copy filtered resources, i.e. build is platform dependent!
2013-04-14 16:35:07,834 [Worker-107] INFO  o.e.m.c.i.embedder.EclipseLogger - Copying 1 resource
2013-04-14 16:35:21,632 [Worker-59] WARN  o.e.m.c.i.embedder.EclipseLogger - Using platform encoding (SJIS actually) to copy filtered resources, i.e. build is platform dependent!
2013-04-14 16:35:21,633 [Worker-59] INFO  o.e.m.c.i.embedder.EclipseLogger - Copying 0 resource
2013-04-14 16:35:21,635 [Worker-59] WARN  o.e.m.c.i.embedder.EclipseLogger - Using platform encoding (SJIS actually) to copy filtered resources, i.e. build is platform dependent!
2013-04-14 16:35:21,636 [Worker-59] INFO  o.e.m.c.i.embedder.EclipseLogger - Copying 1 resource
2013-04-14 16:35:58,523 [Worker-106] WARN  o.e.m.c.i.embedder.EclipseLogger - Using platform encoding (SJIS actually) to copy filtered resources, i.e. build is platform dependent!
2013-04-14 16:35:58,524 [Worker-106] INFO  o.e.m.c.i.embedder.EclipseLogger - Copying 0 resource
2013-04-14 16:35:58,525 [Worker-106] WARN  o.e.m.c.i.embedder.EclipseLogger - Using platform encoding (SJIS actually) to copy filtered resources, i.e. build is platform dependent!
2013-04-14 16:35:58,526 [Worker-106] INFO  o.e.m.c.i.embedder.EclipseLogger - Copying 1 resource
2013-04-14 16:36:01,237 [Worker-118] WARN  o.e.m.c.i.embedder.EclipseLogger - Using platform encoding (SJIS actually) to copy filtered resources, i.e. build is platform dependent!
2013-04-14 16:36:01,238 [Worker-118] INFO  o.e.m.c.i.embedder.EclipseLogger - Copying 0 resource
2013-04-14 16:36:01,240 [Worker-118] WARN  o.e.m.c.i.embedder.EclipseLogger - Using platform encoding (SJIS actually) to copy filtered resources, i.e. build is platform dependent!
2013-04-14 16:36:01,241 [Worker-118] INFO  o.e.m.c.i.embedder.EclipseLogger - Copying 1 resource
2013-04-14 16:36:35,225 [Worker-107] WARN  o.e.m.c.i.embedder.EclipseLogger - Using platform encoding (SJIS actually) to copy filtered resources, i.e. build is platform dependent!
2013-04-14 16:36:35,225 [Worker-107] INFO  o.e.m.c.i.embedder.EclipseLogger - Copying 0 resource
2013-04-14 16:36:35,227 [Worker-107] WARN  o.e.m.c.i.embedder.EclipseLogger - Using platform encoding (SJIS actually) to copy filtered resources, i.e. build is platform dependent!
2013-04-14 16:36:35,228 [Worker-107] INFO  o.e.m.c.i.embedder.EclipseLogger - Copying 1 resource
2013-04-14 16:36:51,054 [Worker-123] WARN  o.e.m.c.i.embedder.EclipseLogger - Using platform encoding (SJIS actually) to copy filtered resources, i.e. build is platform dependent!
2013-04-14 16:36:51,056 [Worker-123] INFO  o.e.m.c.i.embedder.EclipseLogger - Copying 0 resource
2013-04-14 16:36:51,057 [Worker-123] WARN  o.e.m.c.i.embedder.EclipseLogger - Using platform encoding (SJIS actually) to copy filtered resources, i.e. build is platform dependent!
2013-04-14 16:36:51,058 [Worker-123] INFO  o.e.m.c.i.embedder.EclipseLogger - Copying 1 resource
2013-04-14 16:37:53,358 [Worker-115] WARN  o.e.m.c.i.embedder.EclipseLogger - Using platform encoding (SJIS actually) to copy filtered resources, i.e. build is platform dependent!
2013-04-14 16:37:53,359 [Worker-115] INFO  o.e.m.c.i.embedder.EclipseLogger - Copying 0 resource
2013-04-14 16:37:53,360 [Worker-115] WARN  o.e.m.c.i.embedder.EclipseLogger - Using platform encoding (SJIS actually) to copy filtered resources, i.e. build is platform dependent!
2013-04-14 16:37:53,361 [Worker-115] INFO  o.e.m.c.i.embedder.EclipseLogger - Copying 0 resource
2013-04-14 16:38:19,571 [Worker-118] WARN  o.e.m.c.i.embedder.EclipseLogger - Using platform encoding (SJIS actually) to copy filtered resources, i.e. build is platform dependent!
2013-04-14 16:38:19,571 [Worker-118] INFO  o.e.m.c.i.embedder.EclipseLogger - Copying 0 resource
2013-04-14 16:38:19,573 [Worker-118] WARN  o.e.m.c.i.embedder.EclipseLogger - Using platform encoding (SJIS actually) to copy filtered resources, i.e. build is platform dependent!
2013-04-14 16:38:19,573 [Worker-118] INFO  o.e.m.c.i.embedder.EclipseLogger - Copying 0 resource
2013-04-14 16:38:37,911 [Worker-121] WARN  o.e.m.c.i.embedder.EclipseLogger - Using platform encoding (SJIS actually) to copy filtered resources, i.e. build is platform dependent!
2013-04-14 16:38:37,911 [Worker-121] INFO  o.e.m.c.i.embedder.EclipseLogger - Copying 0 resource
2013-04-14 16:38:37,913 [Worker-121] WARN  o.e.m.c.i.embedder.EclipseLogger - Using platform encoding (SJIS actually) to copy filtered resources, i.e. build is platform dependent!
2013-04-14 16:38:37,913 [Worker-121] INFO  o.e.m.c.i.embedder.EclipseLogger - Copying 0 resource
2013-04-14 16:38:58,658 [Worker-123] WARN  o.e.m.c.i.embedder.EclipseLogger - Using platform encoding (SJIS actually) to copy filtered resources, i.e. build is platform dependent!
2013-04-14 16:38:58,658 [Worker-123] INFO  o.e.m.c.i.embedder.EclipseLogger - Copying 0 resource
2013-04-14 16:38:58,660 [Worker-123] WARN  o.e.m.c.i.embedder.EclipseLogger - Using platform encoding (SJIS actually) to copy filtered resources, i.e. build is platform dependent!
2013-04-14 16:38:58,660 [Worker-123] INFO  o.e.m.c.i.embedder.EclipseLogger - Copying 0 resource
2013-04-14 16:39:23,082 [Worker-106] WARN  o.e.m.c.i.embedder.EclipseLogger - Using platform encoding (SJIS actually) to copy filtered resources, i.e. build is platform dependent!
2013-04-14 16:39:23,083 [Worker-106] INFO  o.e.m.c.i.embedder.EclipseLogger - Copying 0 resource
2013-04-14 16:39:23,084 [Worker-106] WARN  o.e.m.c.i.embedder.EclipseLogger - Using platform encoding (SJIS actually) to copy filtered resources, i.e. build is platform dependent!
2013-04-14 16:39:23,085 [Worker-106] INFO  o.e.m.c.i.embedder.EclipseLogger - Copying 0 resource
2013-04-14 16:39:26,861 [Worker-107] WARN  o.e.m.c.i.embedder.EclipseLogger - Using platform encoding (SJIS actually) to copy filtered resources, i.e. build is platform dependent!
2013-04-14 16:39:26,862 [Worker-107] INFO  o.e.m.c.i.embedder.EclipseLogger - Copying 0 resource
2013-04-14 16:39:26,863 [Worker-107] WARN  o.e.m.c.i.embedder.EclipseLogger - Using platform encoding (SJIS actually) to copy filtered resources, i.e. build is platform dependent!
2013-04-14 16:39:26,864 [Worker-107] INFO  o.e.m.c.i.embedder.EclipseLogger - Copying 0 resource
2013-04-14 16:39:47,579 [Worker-123] WARN  o.e.m.c.i.embedder.EclipseLogger - Using platform encoding (SJIS actually) to copy filtered resources, i.e. build is platform dependent!
2013-04-14 16:39:47,580 [Worker-123] INFO  o.e.m.c.i.embedder.EclipseLogger - Copying 0 resource
2013-04-14 16:39:47,581 [Worker-123] WARN  o.e.m.c.i.embedder.EclipseLogger - Using platform encoding (SJIS actually) to copy filtered resources, i.e. build is platform dependent!
2013-04-14 16:39:47,582 [Worker-123] INFO  o.e.m.c.i.embedder.EclipseLogger - Copying 1 resource
2013-04-14 16:42:17,597 [Worker-123] INFO  o.e.m.c.i.l.LifecycleMappingFactory - Using org.eclipse.m2e.jdt.JarLifecycleMapping lifecycle mapping for MavenProject: junit.cucumbre:Tutorial:0.0.1-SNAPSHOT @ /Users/MatsukuboYuto/git/JunitCucumberPractice/Tutorial/pom.xml.
2013-04-14 16:42:17,694 [Worker-123] WARN  o.e.m.c.i.embedder.EclipseLogger - Using platform encoding (SJIS actually) to copy filtered resources, i.e. build is platform dependent!
2013-04-14 16:42:17,695 [Worker-123] INFO  o.e.m.c.i.embedder.EclipseLogger - Copying 0 resource
2013-04-14 16:42:17,696 [Worker-123] WARN  o.e.m.c.i.embedder.EclipseLogger - Using platform encoding (SJIS actually) to copy filtered resources, i.e. build is platform dependent!
2013-04-14 16:42:17,697 [Worker-123] INFO  o.e.m.c.i.embedder.EclipseLogger - Copying 1 resource
2013-04-14 16:42:17,831 [Worker-123] INFO  o.e.m.c.i.l.LifecycleMappingFactory - Using org.eclipse.m2e.jdt.JarLifecycleMapping lifecycle mapping for MavenProject: cucumber:poker:0.0.1-SNAPSHOT @ /Users/MatsukuboYuto/git/JunitCucumberPractice/poker/pom.xml.
2013-04-14 16:42:17,905 [Worker-123] WARN  o.e.m.c.i.embedder.EclipseLogger - Using platform encoding (SJIS actually) to copy filtered resources, i.e. build is platform dependent!
2013-04-14 16:42:17,906 [Worker-123] INFO  o.e.m.c.i.embedder.EclipseLogger - skip non existing resourceDirectory /Users/MatsukuboYuto/git/JunitCucumberPractice/poker/src/main/resources
2013-04-14 16:42:17,907 [Worker-123] WARN  o.e.m.c.i.embedder.EclipseLogger - Using platform encoding (SJIS actually) to copy filtered resources, i.e. build is platform dependent!
2013-04-14 16:42:17,908 [Worker-123] INFO  o.e.m.c.i.embedder.EclipseLogger - Copying 1 resource
2013-04-14 16:42:40,145 [Worker-122] INFO  o.e.m.c.i.l.LifecycleMappingFactory - Using org.eclipse.m2e.jdt.JarLifecycleMapping lifecycle mapping for MavenProject: junit.cucumbre:Tutorial:0.0.1-SNAPSHOT @ /Users/MatsukuboYuto/git/JunitCucumberPractice/Tutorial/pom.xml.
2013-04-14 16:42:40,301 [Worker-122] WARN  o.e.m.c.i.embedder.EclipseLogger - Using platform encoding (SJIS actually) to copy filtered resources, i.e. build is platform dependent!
2013-04-14 16:42:40,302 [Worker-122] INFO  o.e.m.c.i.embedder.EclipseLogger - Copying 0 resource
2013-04-14 16:42:40,304 [Worker-122] WARN  o.e.m.c.i.embedder.EclipseLogger - Using platform encoding (SJIS actually) to copy filtered resources, i.e. build is platform dependent!
2013-04-14 16:42:40,305 [Worker-122] INFO  o.e.m.c.i.embedder.EclipseLogger - Copying 0 resource
2013-04-14 16:42:40,623 [Worker-59] WARN  o.e.m.c.i.embedder.EclipseLogger - Using platform encoding (SJIS actually) to copy filtered resources, i.e. build is platform dependent!
2013-04-14 16:42:40,625 [Worker-59] INFO  o.e.m.c.i.embedder.EclipseLogger - Copying 0 resource
2013-04-14 16:42:40,629 [Worker-59] WARN  o.e.m.c.i.embedder.EclipseLogger - Using platform encoding (SJIS actually) to copy filtered resources, i.e. build is platform dependent!
2013-04-14 16:42:40,631 [Worker-59] INFO  o.e.m.c.i.embedder.EclipseLogger - Copying 1 resource
2013-04-14 16:43:28,219 [Worker-119] INFO  o.e.m.c.i.l.LifecycleMappingFactory - Using org.eclipse.m2e.jdt.JarLifecycleMapping lifecycle mapping for MavenProject: junit.cucumbre:Tutorial:0.0.1-SNAPSHOT @ /Users/MatsukuboYuto/git/JunitCucumberPractice/Tutorial/pom.xml.
2013-04-14 16:43:28,290 [Worker-119] WARN  o.e.m.c.i.embedder.EclipseLogger - Using platform encoding (SJIS actually) to copy filtered resources, i.e. build is platform dependent!
2013-04-14 16:43:28,291 [Worker-119] INFO  o.e.m.c.i.embedder.EclipseLogger - Copying 0 resource
2013-04-14 16:43:28,292 [Worker-119] WARN  o.e.m.c.i.embedder.EclipseLogger - Using platform encoding (SJIS actually) to copy filtered resources, i.e. build is platform dependent!
2013-04-14 16:43:28,293 [Worker-119] INFO  o.e.m.c.i.embedder.EclipseLogger - Copying 0 resource
2013-04-14 16:43:29,430 [Worker-123] WARN  o.e.m.c.i.embedder.EclipseLogger - Using platform encoding (SJIS actually) to copy filtered resources, i.e. build is platform dependent!
2013-04-14 16:43:29,431 [Worker-123] INFO  o.e.m.c.i.embedder.EclipseLogger - Copying 0 resource
2013-04-14 16:43:29,433 [Worker-123] WARN  o.e.m.c.i.embedder.EclipseLogger - Using platform encoding (SJIS actually) to copy filtered resources, i.e. build is platform dependent!
2013-04-14 16:43:29,434 [Worker-123] INFO  o.e.m.c.i.embedder.EclipseLogger - Copying 1 resource
2013-04-14 16:45:33,126 [Worker-107] WARN  o.e.m.c.i.embedder.EclipseLogger - Using platform encoding (SJIS actually) to copy filtered resources, i.e. build is platform dependent!
2013-04-14 16:45:33,127 [Worker-107] INFO  o.e.m.c.i.embedder.EclipseLogger - Copying 0 resource
2013-04-14 16:45:33,129 [Worker-107] WARN  o.e.m.c.i.embedder.EclipseLogger - Using platform encoding (SJIS actually) to copy filtered resources, i.e. build is platform dependent!
2013-04-14 16:45:33,129 [Worker-107] INFO  o.e.m.c.i.embedder.EclipseLogger - Copying 0 resource
2013-04-14 16:45:52,016 [Worker-125] WARN  o.e.m.c.i.embedder.EclipseLogger - Using platform encoding (SJIS actually) to copy filtered resources, i.e. build is platform dependent!
2013-04-14 16:45:52,016 [Worker-125] INFO  o.e.m.c.i.embedder.EclipseLogger - Copying 0 resource
2013-04-14 16:45:52,018 [Worker-125] WARN  o.e.m.c.i.embedder.EclipseLogger - Using platform encoding (SJIS actually) to copy filtered resources, i.e. build is platform dependent!
2013-04-14 16:45:52,018 [Worker-125] INFO  o.e.m.c.i.embedder.EclipseLogger - Copying 0 resource
2013-04-14 16:46:09,482 [Worker-59] WARN  o.e.m.c.i.embedder.EclipseLogger - Using platform encoding (SJIS actually) to copy filtered resources, i.e. build is platform dependent!
2013-04-14 16:46:09,482 [Worker-59] INFO  o.e.m.c.i.embedder.EclipseLogger - Copying 0 resource
2013-04-14 16:46:09,484 [Worker-59] WARN  o.e.m.c.i.embedder.EclipseLogger - Using platform encoding (SJIS actually) to copy filtered resources, i.e. build is platform dependent!
2013-04-14 16:46:09,484 [Worker-59] INFO  o.e.m.c.i.embedder.EclipseLogger - Copying 0 resource
2013-04-14 16:46:41,981 [Worker-59] WARN  o.e.m.c.i.embedder.EclipseLogger - Using platform encoding (SJIS actually) to copy filtered resources, i.e. build is platform dependent!
2013-04-14 16:46:41,981 [Worker-59] INFO  o.e.m.c.i.embedder.EclipseLogger - Copying 0 resource
2013-04-14 16:46:41,983 [Worker-59] WARN  o.e.m.c.i.embedder.EclipseLogger - Using platform encoding (SJIS actually) to copy filtered resources, i.e. build is platform dependent!
2013-04-14 16:46:41,983 [Worker-59] INFO  o.e.m.c.i.embedder.EclipseLogger - Copying 0 resource
